TN:
SF:e:\projects\RobinUI\config\conf.js
FN:7,(anonymous_0)
FN:10,(anonymous_1)
FN:16,(anonymous_2)
FNF:3
FNH:0
FNDA:0,(anonymous_0)
FNDA:0,(anonymous_1)
FNDA:0,(anonymous_2)
DA:2,0
DA:3,0
DA:5,0
DA:9,0
DA:10,0
DA:12,0
DA:14,0
DA:21,0
LF:8
LH:0
BRF:0
BRH:0
end_of_record
TN:
SF:e:\projects\RobinUI\config\webpack.base.js
FNF:0
FNH:0
DA:1,0
DA:2,0
DA:3,0
DA:4,0
DA:5,0
DA:6,0
DA:7,0
DA:83,0
LF:8
LH:0
BRF:0
BRH:0
end_of_record
TN:
SF:e:\projects\RobinUI\config\webpack.dev.js
FN:32,(anonymous_0)
FNF:1
FNH:0
FNDA:0,(anonymous_0)
DA:3,0
DA:4,0
DA:5,0
DA:6,0
DA:7,0
DA:8,0
DA:9,0
DA:12,0
DA:40,0
LF:9
LH:0
BRF:0
BRH:0
end_of_record
TN:
SF:e:\projects\RobinUI\config\webpack.prod.js
FNF:0
FNH:0
DA:1,0
DA:2,0
DA:3,0
DA:5,0
LF:4
LH:0
BRF:0
BRH:0
end_of_record
TN:
SF:e:\projects\RobinUI\dist\index.js
FN:1,(anonymous_0)
FN:1,t
FN:1,r
FN:1,o
FN:1,(anonymous_4)
FN:1,(anonymous_5)
FN:1,(anonymous_6)
FN:1,d
FN:1,(anonymous_8)
FN:1,(anonymous_9)
FN:1,(anonymous_10)
FN:1,(anonymous_11)
FN:1,(anonymous_12)
FN:1,(anonymous_13)
FN:1,t
FN:1,(anonymous_15)
FN:1,f
FN:1,(anonymous_17)
FN:1,(anonymous_18)
FN:1,(anonymous_19)
FN:1,(anonymous_20)
FN:1,(anonymous_21)
FN:1,(anonymous_22)
FN:1,(anonymous_23)
FN:1,(anonymous_24)
FN:1,(anonymous_25)
FN:1,(anonymous_26)
FN:1,m
FN:1,x
FN:1,k
FN:1,(anonymous_30)
FN:1,(anonymous_31)
FN:1,T
FN:1,_
FN:1,E
FN:1,(anonymous_35)
FN:1,(anonymous_36)
FN:1,(anonymous_37)
FN:1,C
FN:1,d
FN:1,f
FN:1,(anonymous_41)
FN:1,(anonymous_42)
FN:1,(anonymous_43)
FN:1,t
FN:1,r
FN:1,o
FN:1,(anonymous_47)
FN:1,(anonymous_48)
FN:1,(anonymous_49)
FN:1,d
FN:1,(anonymous_51)
FN:1,(anonymous_52)
FN:1,(anonymous_53)
FN:1,(anonymous_54)
FN:1,(anonymous_55)
FN:1,(anonymous_56)
FN:1,t
FN:1,(anonymous_58)
FN:1,f
FN:1,(anonymous_60)
FN:1,(anonymous_61)
FN:1,(anonymous_62)
FN:1,(anonymous_63)
FN:1,(anonymous_64)
FN:1,(anonymous_65)
FN:1,(anonymous_66)
FN:1,(anonymous_67)
FN:1,(anonymous_68)
FN:1,(anonymous_69)
FN:1,m
FN:1,x
FN:1,k
FN:1,(anonymous_73)
FN:1,(anonymous_74)
FN:1,T
FN:1,_
FN:1,E
FN:1,(anonymous_78)
FN:1,(anonymous_79)
FN:1,(anonymous_80)
FN:1,C
FN:1,d
FN:1,f
FN:1,(anonymous_84)
FN:1,(anonymous_85)
FN:1,(anonymous_86)
FN:1,D
FN:1,(anonymous_88)
FN:1,(anonymous_89)
FN:1,(anonymous_90)
FN:1,(anonymous_91)
FN:1,(anonymous_92)
FN:1,(anonymous_93)
FN:1,(anonymous_94)
FN:1,(anonymous_95)
FN:1,(anonymous_96)
FN:1,(anonymous_97)
FN:1,(anonymous_98)
FN:1,(anonymous_99)
FN:1,(anonymous_100)
FN:1,(anonymous_101)
FN:6,(anonymous_102)
FN:6,(anonymous_103)
FN:6,(anonymous_104)
FN:6,(anonymous_105)
FN:6,(anonymous_106)
FN:6,o
FN:6,(anonymous_108)
FN:6,e
FN:6,t
FN:6,(anonymous_111)
FN:6,(anonymous_112)
FN:6,(anonymous_113)
FN:14,a
FN:14,(anonymous_115)
FN:14,(anonymous_116)
FN:14,(anonymous_117)
FN:14,f
FN:14,(anonymous_119)
FN:14,m
FN:14,y
FN:14,_
FN:14,(anonymous_123)
FN:14,E
FN:14,C
FN:14,P
FN:14,(anonymous_127)
FN:14,(anonymous_128)
FN:14,N
FN:14,j
FN:14,R
FN:14,U
FN:14,A
FN:14,F
FN:14,L
FN:14,z
FN:14,H
FN:14,W
FN:14,V
FN:14,B
FN:14,$
FN:14,X
FN:14,ie
FN:14,ae
FN:14,le
FN:14,ue
FN:14,ce
FN:14,se
FN:14,de
FN:14,(anonymous_150)
FN:14,(anonymous_151)
FN:14,(anonymous_152)
FN:14,(anonymous_153)
FN:14,(anonymous_154)
FN:14,(anonymous_155)
FN:14,(anonymous_156)
FN:14,t
FN:14,n
FN:14,ke
FN:14,Te
FN:14,(anonymous_161)
FN:14,(anonymous_162)
FN:14,(anonymous_163)
FN:14,Oe
FN:14,Ne
FN:14,je
FN:14,De
FN:14,Ie
FN:14,Me
FN:14,Ue
FN:14,Fe
FN:14,Le
FN:14,ze
FN:14,He
FN:14,We
FN:14,(anonymous_176)
FN:14,(anonymous_177)
FN:14,(anonymous_178)
FN:14,(anonymous_179)
FN:14,(anonymous_180)
FN:14,(anonymous_181)
FN:14,Ve
FN:14,at
FN:14,lt
FN:14,ut
FN:14,pt
FN:14,(anonymous_187)
FN:14,(anonymous_188)
FN:14,(anonymous_189)
FN:14,(anonymous_190)
FN:14,(anonymous_191)
FN:14,(anonymous_192)
FN:14,(anonymous_193)
FN:14,(anonymous_194)
FN:14,(anonymous_195)
FN:14,yt
FN:14,vt
FN:14,(anonymous_198)
FN:14,(anonymous_199)
FN:14,(anonymous_200)
FN:14,gt
FN:14,bt
FN:14,wt
FN:14,xt
FN:14,kt
FN:14,Tt
FN:14,_t
FN:14,(anonymous_208)
FN:14,(anonymous_209)
FN:14,(anonymous_210)
FN:14,Ct
FN:14,Ot
FN:14,Nt
FN:14,jt
FN:14,It
FN:14,Mt
FN:14,Rt
FN:14,Ut
FN:14,At
FN:14,Ft
FN:14,(anonymous_221)
FN:14,Wt
FN:14,Vt
FN:14,(anonymous_224)
FN:14,(anonymous_225)
FN:14,(anonymous_226)
FN:14,(anonymous_227)
FN:14,Zt
FN:14,en
FN:14,tn
FN:14,nn
FN:14,rn
FN:14,(anonymous_233)
FN:14,(anonymous_234)
FN:14,un
FN:14,(anonymous_236)
FN:14,(anonymous_237)
FN:14,(anonymous_238)
FN:14,(anonymous_239)
FN:14,(anonymous_240)
FN:14,(anonymous_241)
FN:14,bn
FN:14,(anonymous_243)
FN:14,(anonymous_244)
FN:14,(anonymous_245)
FN:14,(anonymous_246)
FN:14,Tn
FN:14,En
FN:14,Cn
FN:14,Sn
FN:14,Pn
FN:14,Dn
FN:14,In
FN:14,Mn
FN:14,Rn
FN:14,Un
FN:14,An
FN:14,Bn
FN:14,(anonymous_259)
FN:14,$n
FN:14,(anonymous_261)
FN:14,(anonymous_262)
FN:14,Qn
FN:14,Kn
FN:14,Yn
FN:14,Xn
FN:14,Gn
FN:14,Zn
FN:14,er
FN:14,(anonymous_270)
FN:14,(anonymous_271)
FN:14,(anonymous_272)
FN:14,or
FN:14,lr
FN:14,ur
FN:14,(anonymous_276)
FN:14,(anonymous_277)
FN:14,sr
FN:14,dr
FN:14,fr
FN:14,pr
FN:14,yr
FN:14,vr
FN:14,wr
FN:14,xr
FN:14,_r
FN:14,Er
FN:14,Nr
FN:14,jr
FN:14,Dr
FN:14,Ir
FN:14,Mr
FN:14,Rr
FN:14,Ur
FN:14,Ar
FN:14,zr
FN:14,(anonymous_297)
FN:14,Hr
FN:14,Wr
FN:14,Vr
FN:14,Br
FN:14,qr
FN:14,$r
FN:14,Qr
FN:14,Kr
FN:14,Yr
FN:14,Xr
FN:14,Gr
FN:14,Jr
FN:14,Zr
FN:14,to
FN:14,no
FN:14,ro
FN:14,oo
FN:14,io
FN:14,ao
FN:14,lo
FN:14,uo
FN:14,co
FN:14,so
FN:14,fo
FN:14,po
FN:14,go
FN:14,bo
FN:14,wo
FN:14,xo
FN:14,Co
FN:14,So
FN:14,Po
FN:14,Oo
FN:14,No
FN:14,jo
FN:14,Mo
FN:14,(anonymous_334)
FN:14,(anonymous_335)
FN:14,(anonymous_336)
FN:14,(anonymous_337)
FN:14,Uo
FN:14,Ao
FN:14,Fo
FN:14,Lo
FN:14,Ho
FN:14,(anonymous_343)
FN:14,Wo
FN:14,Vo
FN:14,t
FN:14,n
FN:14,r
FN:14,o
FN:14,i
FN:14,l
FN:14,u
FN:14,c
FN:14,s
FN:14,d
FN:14,f
FN:14,p
FN:14,h
FN:14,m
FN:14,(anonymous_360)
FN:14,y
FN:14,(anonymous_362)
FN:14,(anonymous_363)
FN:14,Yo
FN:14,Xo
FN:14,Go
FN:14,Jo
FN:14,Zo
FN:14,ei
FN:14,ni
FN:14,ri
FN:14,oi
FN:14,ii
FN:14,ai
FN:14,li
FN:14,ui
FN:14,ci
FN:14,si
FN:14,di
FN:14,fi
FN:14,pi
FN:14,(anonymous_382)
FN:14,(anonymous_383)
FN:14,(anonymous_384)
FN:14,(anonymous_385)
FN:14,hi
FN:14,bi
FN:14,(anonymous_388)
FN:14,wi
FN:14,xi
FN:14,ki
FN:14,Ti
FN:14,_i
FN:14,Ei
FN:14,Ci
FN:14,(anonymous_396)
FN:14,Si
FN:14,(anonymous_398)
FN:14,(anonymous_399)
FN:14,Pi
FN:14,(anonymous_401)
FN:14,(anonymous_402)
FN:14,(anonymous_403)
FN:14,(anonymous_404)
FN:14,Bi
FN:14,qi
FN:14,$i
FN:14,Qi
FN:14,Ki
FN:14,Yi
FN:14,Xi
FN:14,Gi
FN:14,Ji
FN:14,Zi
FN:14,ea
FN:14,xa
FN:14,ka
FN:14,Ta
FN:14,(anonymous_419)
FN:14,_a
FN:14,Ea
FN:14,Ca
FN:14,Pa
FN:14,Oa
FN:14,Na
FN:14,ja
FN:14,Da
FN:14,Ia
FN:14,e
FN:14,Ma
FN:14,Ra
FN:14,Ua
FN:14,Aa
FN:14,Fa
FN:14,La
FN:14,za
FN:14,Ha
FN:14,Wa
FN:14,Va
FN:14,Ba
FN:14,qa
FN:14,(anonymous_442)
FN:14,(anonymous_443)
FN:14,(anonymous_444)
FN:14,(anonymous_445)
FN:14,$a
FN:14,(anonymous_447)
FN:14,(anonymous_448)
FN:14,(anonymous_449)
FN:14,(anonymous_450)
FN:14,(anonymous_451)
FN:14,(anonymous_452)
FN:14,(anonymous_453)
FN:14,(anonymous_454)
FN:14,(anonymous_455)
FN:14,(anonymous_456)
FN:14,(anonymous_457)
FN:14,(anonymous_458)
FN:14,(anonymous_459)
FN:14,(anonymous_460)
FN:14,(anonymous_461)
FN:14,(anonymous_462)
FN:14,(anonymous_463)
FN:14,(anonymous_464)
FN:14,(anonymous_465)
FN:14,(anonymous_466)
FN:14,(anonymous_467)
FN:14,(anonymous_468)
FN:14,(anonymous_469)
FN:14,(anonymous_470)
FN:14,(anonymous_471)
FN:14,(anonymous_472)
FN:14,(anonymous_473)
FN:14,(anonymous_474)
FN:14,(anonymous_475)
FN:14,(anonymous_476)
FN:14,(anonymous_477)
FN:14,(anonymous_478)
FN:14,e
FN:14,(anonymous_480)
FN:14,(anonymous_481)
FN:14,(anonymous_482)
FN:14,(anonymous_483)
FN:14,i
FN:14,a
FN:14,(anonymous_486)
FN:14,l
FN:14,(anonymous_488)
FN:14,(anonymous_489)
FN:14,u
FN:14,c
FN:14,s
FN:14,d
FN:14,f
FN:14,p
FN:14,(anonymous_496)
FN:14,(anonymous_497)
FN:14,(anonymous_498)
FN:14,(anonymous_499)
FN:22,s
FN:22,d
FN:22,f
FN:22,p
FN:22,_
FN:22,(anonymous_505)
FN:22,(anonymous_506)
FN:22,(anonymous_507)
FN:22,(anonymous_508)
FN:22,(anonymous_509)
FN:22,(anonymous_510)
FN:22,(anonymous_511)
FN:22,(anonymous_512)
FN:22,(anonymous_513)
FN:22,(anonymous_514)
FN:22,(anonymous_515)
FN:22,(anonymous_516)
FN:22,(anonymous_517)
FN:22,(anonymous_518)
FN:22,(anonymous_519)
FN:22,(anonymous_520)
FN:22,(anonymous_521)
FN:22,(anonymous_522)
FN:22,(anonymous_523)
FN:22,(anonymous_524)
FN:22,(anonymous_525)
FN:22,(anonymous_526)
FN:22,(anonymous_527)
FN:22,(anonymous_528)
FN:22,(anonymous_529)
FN:22,(anonymous_530)
FN:22,h
FN:22,(anonymous_532)
FN:22,t
FN:22,(anonymous_534)
FN:22,(anonymous_535)
FN:22,(anonymous_536)
FN:22,(anonymous_537)
FN:22,(anonymous_538)
FN:22,(anonymous_539)
FN:22,(anonymous_540)
FN:22,(anonymous_541)
FN:22,(anonymous_542)
FN:22,(anonymous_543)
FN:22,(anonymous_544)
FN:22,(anonymous_545)
FN:22,(anonymous_546)
FN:22,T
FN:22,(anonymous_548)
FN:22,(anonymous_549)
FN:22,t
FN:22,(anonymous_551)
FN:22,(anonymous_552)
FN:22,(anonymous_553)
FN:22,(anonymous_554)
FN:22,(anonymous_555)
FN:22,(anonymous_556)
FN:22,(anonymous_557)
FN:22,(anonymous_558)
FN:22,(anonymous_559)
FN:22,(anonymous_560)
FN:22,(anonymous_561)
FN:22,(anonymous_562)
FNF:563
FNH:0
FNDA:0,(anonymous_0)
FNDA:0,t
FNDA:0,r
FNDA:0,o
FNDA:0,(anonymous_4)
FNDA:0,(anonymous_5)
FNDA:0,(anonymous_6)
FNDA:0,d
FNDA:0,(anonymous_8)
FNDA:0,(anonymous_9)
FNDA:0,(anonymous_10)
FNDA:0,(anonymous_11)
FNDA:0,(anonymous_12)
FNDA:0,(anonymous_13)
FNDA:0,t
FNDA:0,(anonymous_15)
FNDA:0,f
FNDA:0,(anonymous_17)
FNDA:0,(anonymous_18)
FNDA:0,(anonymous_19)
FNDA:0,(anonymous_20)
FNDA:0,(anonymous_21)
FNDA:0,(anonymous_22)
FNDA:0,(anonymous_23)
FNDA:0,(anonymous_24)
FNDA:0,(anonymous_25)
FNDA:0,(anonymous_26)
FNDA:0,m
FNDA:0,x
FNDA:0,k
FNDA:0,(anonymous_30)
FNDA:0,(anonymous_31)
FNDA:0,T
FNDA:0,_
FNDA:0,E
FNDA:0,(anonymous_35)
FNDA:0,(anonymous_36)
FNDA:0,(anonymous_37)
FNDA:0,C
FNDA:0,d
FNDA:0,f
FNDA:0,(anonymous_41)
FNDA:0,(anonymous_42)
FNDA:0,(anonymous_43)
FNDA:0,t
FNDA:0,r
FNDA:0,o
FNDA:0,(anonymous_47)
FNDA:0,(anonymous_48)
FNDA:0,(anonymous_49)
FNDA:0,d
FNDA:0,(anonymous_51)
FNDA:0,(anonymous_52)
FNDA:0,(anonymous_53)
FNDA:0,(anonymous_54)
FNDA:0,(anonymous_55)
FNDA:0,(anonymous_56)
FNDA:0,t
FNDA:0,(anonymous_58)
FNDA:0,f
FNDA:0,(anonymous_60)
FNDA:0,(anonymous_61)
FNDA:0,(anonymous_62)
FNDA:0,(anonymous_63)
FNDA:0,(anonymous_64)
FNDA:0,(anonymous_65)
FNDA:0,(anonymous_66)
FNDA:0,(anonymous_67)
FNDA:0,(anonymous_68)
FNDA:0,(anonymous_69)
FNDA:0,m
FNDA:0,x
FNDA:0,k
FNDA:0,(anonymous_73)
FNDA:0,(anonymous_74)
FNDA:0,T
FNDA:0,_
FNDA:0,E
FNDA:0,(anonymous_78)
FNDA:0,(anonymous_79)
FNDA:0,(anonymous_80)
FNDA:0,C
FNDA:0,d
FNDA:0,f
FNDA:0,(anonymous_84)
FNDA:0,(anonymous_85)
FNDA:0,(anonymous_86)
FNDA:0,D
FNDA:0,(anonymous_88)
FNDA:0,(anonymous_89)
FNDA:0,(anonymous_90)
FNDA:0,(anonymous_91)
FNDA:0,(anonymous_92)
FNDA:0,(anonymous_93)
FNDA:0,(anonymous_94)
FNDA:0,(anonymous_95)
FNDA:0,(anonymous_96)
FNDA:0,(anonymous_97)
FNDA:0,(anonymous_98)
FNDA:0,(anonymous_99)
FNDA:0,(anonymous_100)
FNDA:0,(anonymous_101)
FNDA:0,(anonymous_102)
FNDA:0,(anonymous_103)
FNDA:0,(anonymous_104)
FNDA:0,(anonymous_105)
FNDA:0,(anonymous_106)
FNDA:0,o
FNDA:0,(anonymous_108)
FNDA:0,e
FNDA:0,t
FNDA:0,(anonymous_111)
FNDA:0,(anonymous_112)
FNDA:0,(anonymous_113)
FNDA:0,a
FNDA:0,(anonymous_115)
FNDA:0,(anonymous_116)
FNDA:0,(anonymous_117)
FNDA:0,f
FNDA:0,(anonymous_119)
FNDA:0,m
FNDA:0,y
FNDA:0,_
FNDA:0,(anonymous_123)
FNDA:0,E
FNDA:0,C
FNDA:0,P
FNDA:0,(anonymous_127)
FNDA:0,(anonymous_128)
FNDA:0,N
FNDA:0,j
FNDA:0,R
FNDA:0,U
FNDA:0,A
FNDA:0,F
FNDA:0,L
FNDA:0,z
FNDA:0,H
FNDA:0,W
FNDA:0,V
FNDA:0,B
FNDA:0,$
FNDA:0,X
FNDA:0,ie
FNDA:0,ae
FNDA:0,le
FNDA:0,ue
FNDA:0,ce
FNDA:0,se
FNDA:0,de
FNDA:0,(anonymous_150)
FNDA:0,(anonymous_151)
FNDA:0,(anonymous_152)
FNDA:0,(anonymous_153)
FNDA:0,(anonymous_154)
FNDA:0,(anonymous_155)
FNDA:0,(anonymous_156)
FNDA:0,t
FNDA:0,n
FNDA:0,ke
FNDA:0,Te
FNDA:0,(anonymous_161)
FNDA:0,(anonymous_162)
FNDA:0,(anonymous_163)
FNDA:0,Oe
FNDA:0,Ne
FNDA:0,je
FNDA:0,De
FNDA:0,Ie
FNDA:0,Me
FNDA:0,Ue
FNDA:0,Fe
FNDA:0,Le
FNDA:0,ze
FNDA:0,He
FNDA:0,We
FNDA:0,(anonymous_176)
FNDA:0,(anonymous_177)
FNDA:0,(anonymous_178)
FNDA:0,(anonymous_179)
FNDA:0,(anonymous_180)
FNDA:0,(anonymous_181)
FNDA:0,Ve
FNDA:0,at
FNDA:0,lt
FNDA:0,ut
FNDA:0,pt
FNDA:0,(anonymous_187)
FNDA:0,(anonymous_188)
FNDA:0,(anonymous_189)
FNDA:0,(anonymous_190)
FNDA:0,(anonymous_191)
FNDA:0,(anonymous_192)
FNDA:0,(anonymous_193)
FNDA:0,(anonymous_194)
FNDA:0,(anonymous_195)
FNDA:0,yt
FNDA:0,vt
FNDA:0,(anonymous_198)
FNDA:0,(anonymous_199)
FNDA:0,(anonymous_200)
FNDA:0,gt
FNDA:0,bt
FNDA:0,wt
FNDA:0,xt
FNDA:0,kt
FNDA:0,Tt
FNDA:0,_t
FNDA:0,(anonymous_208)
FNDA:0,(anonymous_209)
FNDA:0,(anonymous_210)
FNDA:0,Ct
FNDA:0,Ot
FNDA:0,Nt
FNDA:0,jt
FNDA:0,It
FNDA:0,Mt
FNDA:0,Rt
FNDA:0,Ut
FNDA:0,At
FNDA:0,Ft
FNDA:0,(anonymous_221)
FNDA:0,Wt
FNDA:0,Vt
FNDA:0,(anonymous_224)
FNDA:0,(anonymous_225)
FNDA:0,(anonymous_226)
FNDA:0,(anonymous_227)
FNDA:0,Zt
FNDA:0,en
FNDA:0,tn
FNDA:0,nn
FNDA:0,rn
FNDA:0,(anonymous_233)
FNDA:0,(anonymous_234)
FNDA:0,un
FNDA:0,(anonymous_236)
FNDA:0,(anonymous_237)
FNDA:0,(anonymous_238)
FNDA:0,(anonymous_239)
FNDA:0,(anonymous_240)
FNDA:0,(anonymous_241)
FNDA:0,bn
FNDA:0,(anonymous_243)
FNDA:0,(anonymous_244)
FNDA:0,(anonymous_245)
FNDA:0,(anonymous_246)
FNDA:0,Tn
FNDA:0,En
FNDA:0,Cn
FNDA:0,Sn
FNDA:0,Pn
FNDA:0,Dn
FNDA:0,In
FNDA:0,Mn
FNDA:0,Rn
FNDA:0,Un
FNDA:0,An
FNDA:0,Bn
FNDA:0,(anonymous_259)
FNDA:0,$n
FNDA:0,(anonymous_261)
FNDA:0,(anonymous_262)
FNDA:0,Qn
FNDA:0,Kn
FNDA:0,Yn
FNDA:0,Xn
FNDA:0,Gn
FNDA:0,Zn
FNDA:0,er
FNDA:0,(anonymous_270)
FNDA:0,(anonymous_271)
FNDA:0,(anonymous_272)
FNDA:0,or
FNDA:0,lr
FNDA:0,ur
FNDA:0,(anonymous_276)
FNDA:0,(anonymous_277)
FNDA:0,sr
FNDA:0,dr
FNDA:0,fr
FNDA:0,pr
FNDA:0,yr
FNDA:0,vr
FNDA:0,wr
FNDA:0,xr
FNDA:0,_r
FNDA:0,Er
FNDA:0,Nr
FNDA:0,jr
FNDA:0,Dr
FNDA:0,Ir
FNDA:0,Mr
FNDA:0,Rr
FNDA:0,Ur
FNDA:0,Ar
FNDA:0,zr
FNDA:0,(anonymous_297)
FNDA:0,Hr
FNDA:0,Wr
FNDA:0,Vr
FNDA:0,Br
FNDA:0,qr
FNDA:0,$r
FNDA:0,Qr
FNDA:0,Kr
FNDA:0,Yr
FNDA:0,Xr
FNDA:0,Gr
FNDA:0,Jr
FNDA:0,Zr
FNDA:0,to
FNDA:0,no
FNDA:0,ro
FNDA:0,oo
FNDA:0,io
FNDA:0,ao
FNDA:0,lo
FNDA:0,uo
FNDA:0,co
FNDA:0,so
FNDA:0,fo
FNDA:0,po
FNDA:0,go
FNDA:0,bo
FNDA:0,wo
FNDA:0,xo
FNDA:0,Co
FNDA:0,So
FNDA:0,Po
FNDA:0,Oo
FNDA:0,No
FNDA:0,jo
FNDA:0,Mo
FNDA:0,(anonymous_334)
FNDA:0,(anonymous_335)
FNDA:0,(anonymous_336)
FNDA:0,(anonymous_337)
FNDA:0,Uo
FNDA:0,Ao
FNDA:0,Fo
FNDA:0,Lo
FNDA:0,Ho
FNDA:0,(anonymous_343)
FNDA:0,Wo
FNDA:0,Vo
FNDA:0,t
FNDA:0,n
FNDA:0,r
FNDA:0,o
FNDA:0,i
FNDA:0,l
FNDA:0,u
FNDA:0,c
FNDA:0,s
FNDA:0,d
FNDA:0,f
FNDA:0,p
FNDA:0,h
FNDA:0,m
FNDA:0,(anonymous_360)
FNDA:0,y
FNDA:0,(anonymous_362)
FNDA:0,(anonymous_363)
FNDA:0,Yo
FNDA:0,Xo
FNDA:0,Go
FNDA:0,Jo
FNDA:0,Zo
FNDA:0,ei
FNDA:0,ni
FNDA:0,ri
FNDA:0,oi
FNDA:0,ii
FNDA:0,ai
FNDA:0,li
FNDA:0,ui
FNDA:0,ci
FNDA:0,si
FNDA:0,di
FNDA:0,fi
FNDA:0,pi
FNDA:0,(anonymous_382)
FNDA:0,(anonymous_383)
FNDA:0,(anonymous_384)
FNDA:0,(anonymous_385)
FNDA:0,hi
FNDA:0,bi
FNDA:0,(anonymous_388)
FNDA:0,wi
FNDA:0,xi
FNDA:0,ki
FNDA:0,Ti
FNDA:0,_i
FNDA:0,Ei
FNDA:0,Ci
FNDA:0,(anonymous_396)
FNDA:0,Si
FNDA:0,(anonymous_398)
FNDA:0,(anonymous_399)
FNDA:0,Pi
FNDA:0,(anonymous_401)
FNDA:0,(anonymous_402)
FNDA:0,(anonymous_403)
FNDA:0,(anonymous_404)
FNDA:0,Bi
FNDA:0,qi
FNDA:0,$i
FNDA:0,Qi
FNDA:0,Ki
FNDA:0,Yi
FNDA:0,Xi
FNDA:0,Gi
FNDA:0,Ji
FNDA:0,Zi
FNDA:0,ea
FNDA:0,xa
FNDA:0,ka
FNDA:0,Ta
FNDA:0,(anonymous_419)
FNDA:0,_a
FNDA:0,Ea
FNDA:0,Ca
FNDA:0,Pa
FNDA:0,Oa
FNDA:0,Na
FNDA:0,ja
FNDA:0,Da
FNDA:0,Ia
FNDA:0,e
FNDA:0,Ma
FNDA:0,Ra
FNDA:0,Ua
FNDA:0,Aa
FNDA:0,Fa
FNDA:0,La
FNDA:0,za
FNDA:0,Ha
FNDA:0,Wa
FNDA:0,Va
FNDA:0,Ba
FNDA:0,qa
FNDA:0,(anonymous_442)
FNDA:0,(anonymous_443)
FNDA:0,(anonymous_444)
FNDA:0,(anonymous_445)
FNDA:0,$a
FNDA:0,(anonymous_447)
FNDA:0,(anonymous_448)
FNDA:0,(anonymous_449)
FNDA:0,(anonymous_450)
FNDA:0,(anonymous_451)
FNDA:0,(anonymous_452)
FNDA:0,(anonymous_453)
FNDA:0,(anonymous_454)
FNDA:0,(anonymous_455)
FNDA:0,(anonymous_456)
FNDA:0,(anonymous_457)
FNDA:0,(anonymous_458)
FNDA:0,(anonymous_459)
FNDA:0,(anonymous_460)
FNDA:0,(anonymous_461)
FNDA:0,(anonymous_462)
FNDA:0,(anonymous_463)
FNDA:0,(anonymous_464)
FNDA:0,(anonymous_465)
FNDA:0,(anonymous_466)
FNDA:0,(anonymous_467)
FNDA:0,(anonymous_468)
FNDA:0,(anonymous_469)
FNDA:0,(anonymous_470)
FNDA:0,(anonymous_471)
FNDA:0,(anonymous_472)
FNDA:0,(anonymous_473)
FNDA:0,(anonymous_474)
FNDA:0,(anonymous_475)
FNDA:0,(anonymous_476)
FNDA:0,(anonymous_477)
FNDA:0,(anonymous_478)
FNDA:0,e
FNDA:0,(anonymous_480)
FNDA:0,(anonymous_481)
FNDA:0,(anonymous_482)
FNDA:0,(anonymous_483)
FNDA:0,i
FNDA:0,a
FNDA:0,(anonymous_486)
FNDA:0,l
FNDA:0,(anonymous_488)
FNDA:0,(anonymous_489)
FNDA:0,u
FNDA:0,c
FNDA:0,s
FNDA:0,d
FNDA:0,f
FNDA:0,p
FNDA:0,(anonymous_496)
FNDA:0,(anonymous_497)
FNDA:0,(anonymous_498)
FNDA:0,(anonymous_499)
FNDA:0,s
FNDA:0,d
FNDA:0,f
FNDA:0,p
FNDA:0,_
FNDA:0,(anonymous_505)
FNDA:0,(anonymous_506)
FNDA:0,(anonymous_507)
FNDA:0,(anonymous_508)
FNDA:0,(anonymous_509)
FNDA:0,(anonymous_510)
FNDA:0,(anonymous_511)
FNDA:0,(anonymous_512)
FNDA:0,(anonymous_513)
FNDA:0,(anonymous_514)
FNDA:0,(anonymous_515)
FNDA:0,(anonymous_516)
FNDA:0,(anonymous_517)
FNDA:0,(anonymous_518)
FNDA:0,(anonymous_519)
FNDA:0,(anonymous_520)
FNDA:0,(anonymous_521)
FNDA:0,(anonymous_522)
FNDA:0,(anonymous_523)
FNDA:0,(anonymous_524)
FNDA:0,(anonymous_525)
FNDA:0,(anonymous_526)
FNDA:0,(anonymous_527)
FNDA:0,(anonymous_528)
FNDA:0,(anonymous_529)
FNDA:0,(anonymous_530)
FNDA:0,h
FNDA:0,(anonymous_532)
FNDA:0,t
FNDA:0,(anonymous_534)
FNDA:0,(anonymous_535)
FNDA:0,(anonymous_536)
FNDA:0,(anonymous_537)
FNDA:0,(anonymous_538)
FNDA:0,(anonymous_539)
FNDA:0,(anonymous_540)
FNDA:0,(anonymous_541)
FNDA:0,(anonymous_542)
FNDA:0,(anonymous_543)
FNDA:0,(anonymous_544)
FNDA:0,(anonymous_545)
FNDA:0,(anonymous_546)
FNDA:0,T
FNDA:0,(anonymous_548)
FNDA:0,(anonymous_549)
FNDA:0,t
FNDA:0,(anonymous_551)
FNDA:0,(anonymous_552)
FNDA:0,(anonymous_553)
FNDA:0,(anonymous_554)
FNDA:0,(anonymous_555)
FNDA:0,(anonymous_556)
FNDA:0,(anonymous_557)
FNDA:0,(anonymous_558)
FNDA:0,(anonymous_559)
FNDA:0,(anonymous_560)
FNDA:0,(anonymous_561)
FNDA:0,(anonymous_562)
DA:1,0
DA:6,0
DA:14,0
DA:22,0
LF:4
LH:0
BRDA:1,0,0,0
BRDA:1,0,1,0
BRDA:1,1,0,0
BRDA:1,1,1,0
BRDA:1,2,0,0
BRDA:1,2,1,0
BRDA:1,3,0,0
BRDA:1,3,1,0
BRDA:1,4,0,0
BRDA:1,4,1,0
BRDA:1,5,0,0
BRDA:1,5,1,0
BRDA:1,6,0,0
BRDA:1,6,1,0
BRDA:1,7,0,0
BRDA:1,7,1,0
BRDA:1,8,0,0
BRDA:1,8,1,0
BRDA:1,9,0,0
BRDA:1,9,1,0
BRDA:1,10,0,0
BRDA:1,10,1,0
BRDA:1,11,0,0
BRDA:1,11,1,0
BRDA:1,12,0,0
BRDA:1,12,1,0
BRDA:1,13,0,0
BRDA:1,13,1,0
BRDA:1,13,2,0
BRDA:1,13,3,0
BRDA:1,14,0,0
BRDA:1,14,1,0
BRDA:1,15,0,0
BRDA:1,15,1,0
BRDA:1,16,0,0
BRDA:1,16,1,0
BRDA:1,17,0,0
BRDA:1,17,1,0
BRDA:1,17,2,0
BRDA:1,18,0,0
BRDA:1,18,1,0
BRDA:1,19,0,0
BRDA:1,19,1,0
BRDA:1,20,0,0
BRDA:1,20,1,0
BRDA:1,21,0,0
BRDA:1,21,1,0
BRDA:1,22,0,0
BRDA:1,22,1,0
BRDA:1,23,0,0
BRDA:1,23,1,0
BRDA:1,24,0,0
BRDA:1,24,1,0
BRDA:1,25,0,0
BRDA:1,25,1,0
BRDA:1,26,0,0
BRDA:1,26,1,0
BRDA:1,27,0,0
BRDA:1,27,1,0
BRDA:1,28,0,0
BRDA:1,28,1,0
BRDA:1,29,0,0
BRDA:1,29,1,0
BRDA:1,30,0,0
BRDA:1,30,1,0
BRDA:1,31,0,0
BRDA:1,31,1,0
BRDA:1,32,0,0
BRDA:1,32,1,0
BRDA:1,32,2,0
BRDA:1,32,3,0
BRDA:1,33,0,0
BRDA:1,33,1,0
BRDA:1,34,0,0
BRDA:1,34,1,0
BRDA:1,35,0,0
BRDA:1,35,1,0
BRDA:1,36,0,0
BRDA:1,36,1,0
BRDA:1,36,2,0
BRDA:1,37,0,0
BRDA:1,37,1,0
BRDA:1,38,0,0
BRDA:1,38,1,0
BRDA:1,39,0,0
BRDA:1,39,1,0
BRDA:1,40,0,0
BRDA:1,40,1,0
BRDA:1,41,0,0
BRDA:1,41,1,0
BRDA:1,42,0,0
BRDA:1,42,1,0
BRDA:1,43,0,0
BRDA:1,43,1,0
BRDA:1,44,0,0
BRDA:1,44,1,0
BRDA:1,45,0,0
BRDA:1,45,1,0
BRDA:1,46,0,0
BRDA:1,46,1,0
BRDA:1,47,0,0
BRDA:1,47,1,0
BRDA:1,48,0,0
BRDA:1,48,1,0
BRDA:1,49,0,0
BRDA:1,49,1,0
BRDA:1,50,0,0
BRDA:1,50,1,0
BRDA:1,51,0,0
BRDA:1,51,1,0
BRDA:1,52,0,0
BRDA:1,52,1,0
BRDA:1,53,0,0
BRDA:1,53,1,0
BRDA:1,54,0,0
BRDA:1,54,1,0
BRDA:1,54,2,0
BRDA:1,54,3,0
BRDA:1,54,4,0
BRDA:1,54,5,0
BRDA:1,55,0,0
BRDA:1,55,1,0
BRDA:1,56,0,0
BRDA:1,56,1,0
BRDA:1,57,0,0
BRDA:1,57,1,0
BRDA:1,58,0,0
BRDA:1,58,1,0
BRDA:1,59,0,0
BRDA:1,59,1,0
BRDA:1,60,0,0
BRDA:1,60,1,0
BRDA:1,61,0,0
BRDA:1,61,1,0
BRDA:1,62,0,0
BRDA:1,62,1,0
BRDA:1,63,0,0
BRDA:1,63,1,0
BRDA:1,64,0,0
BRDA:1,64,1,0
BRDA:1,65,0,0
BRDA:1,65,1,0
BRDA:1,66,0,0
BRDA:1,66,1,0
BRDA:1,67,0,0
BRDA:1,67,1,0
BRDA:1,68,0,0
BRDA:1,68,1,0
BRDA:1,69,0,0
BRDA:1,69,1,0
BRDA:1,70,0,0
BRDA:1,70,1,0
BRDA:1,70,2,0
BRDA:1,71,0,0
BRDA:1,71,1,0
BRDA:1,72,0,0
BRDA:1,72,1,0
BRDA:1,73,0,0
BRDA:1,73,1,0
BRDA:1,73,2,0
BRDA:1,74,0,0
BRDA:1,74,1,0
BRDA:1,75,0,0
BRDA:1,75,1,0
BRDA:1,76,0,0
BRDA:1,76,1,0
BRDA:1,77,0,0
BRDA:1,77,1,0
BRDA:1,78,0,0
BRDA:1,78,1,0
BRDA:1,79,0,0
BRDA:1,79,1,0
BRDA:1,80,0,0
BRDA:1,80,1,0
BRDA:1,81,0,0
BRDA:1,81,1,0
BRDA:1,82,0,0
BRDA:1,82,1,0
BRDA:1,83,0,0
BRDA:1,83,1,0
BRDA:1,83,2,0
BRDA:1,84,0,0
BRDA:1,84,1,0
BRDA:1,85,0,0
BRDA:1,85,1,0
BRDA:1,86,0,0
BRDA:1,86,1,0
BRDA:1,86,2,0
BRDA:1,87,0,0
BRDA:1,87,1,0
BRDA:1,88,0,0
BRDA:1,88,1,0
BRDA:1,89,0,0
BRDA:1,89,1,0
BRDA:1,89,2,0
BRDA:1,90,0,0
BRDA:1,90,1,0
BRDA:1,91,0,0
BRDA:1,91,1,0
BRDA:1,92,0,0
BRDA:1,92,1,0
BRDA:1,93,0,0
BRDA:1,93,1,0
BRDA:1,94,0,0
BRDA:1,94,1,0
BRDA:1,95,0,0
BRDA:1,95,1,0
BRDA:1,96,0,0
BRDA:1,96,1,0
BRDA:1,97,0,0
BRDA:1,97,1,0
BRDA:1,98,0,0
BRDA:1,98,1,0
BRDA:1,99,0,0
BRDA:1,99,1,0
BRDA:1,100,0,0
BRDA:1,100,1,0
BRDA:1,101,0,0
BRDA:1,101,1,0
BRDA:1,102,0,0
BRDA:1,102,1,0
BRDA:1,103,0,0
BRDA:1,103,1,0
BRDA:1,104,0,0
BRDA:1,104,1,0
BRDA:1,104,2,0
BRDA:1,104,3,0
BRDA:1,105,0,0
BRDA:1,105,1,0
BRDA:1,106,0,0
BRDA:1,106,1,0
BRDA:1,107,0,0
BRDA:1,107,1,0
BRDA:1,108,0,0
BRDA:1,108,1,0
BRDA:1,108,2,0
BRDA:1,109,0,0
BRDA:1,109,1,0
BRDA:1,110,0,0
BRDA:1,110,1,0
BRDA:1,111,0,0
BRDA:1,111,1,0
BRDA:1,112,0,0
BRDA:1,112,1,0
BRDA:1,113,0,0
BRDA:1,113,1,0
BRDA:1,114,0,0
BRDA:1,114,1,0
BRDA:1,115,0,0
BRDA:1,115,1,0
BRDA:1,116,0,0
BRDA:1,116,1,0
BRDA:1,117,0,0
BRDA:1,117,1,0
BRDA:1,118,0,0
BRDA:1,118,1,0
BRDA:1,119,0,0
BRDA:1,119,1,0
BRDA:1,120,0,0
BRDA:1,120,1,0
BRDA:1,121,0,0
BRDA:1,121,1,0
BRDA:1,122,0,0
BRDA:1,122,1,0
BRDA:1,123,0,0
BRDA:1,123,1,0
BRDA:1,123,2,0
BRDA:1,123,3,0
BRDA:1,124,0,0
BRDA:1,124,1,0
BRDA:1,125,0,0
BRDA:1,125,1,0
BRDA:1,126,0,0
BRDA:1,126,1,0
BRDA:1,127,0,0
BRDA:1,127,1,0
BRDA:1,127,2,0
BRDA:1,128,0,0
BRDA:1,128,1,0
BRDA:1,129,0,0
BRDA:1,129,1,0
BRDA:1,130,0,0
BRDA:1,130,1,0
BRDA:1,131,0,0
BRDA:1,131,1,0
BRDA:1,132,0,0
BRDA:1,132,1,0
BRDA:1,133,0,0
BRDA:1,133,1,0
BRDA:1,134,0,0
BRDA:1,134,1,0
BRDA:1,135,0,0
BRDA:1,135,1,0
BRDA:1,136,0,0
BRDA:1,136,1,0
BRDA:1,137,0,0
BRDA:1,137,1,0
BRDA:1,138,0,0
BRDA:1,138,1,0
BRDA:1,139,0,0
BRDA:1,139,1,0
BRDA:1,140,0,0
BRDA:1,140,1,0
BRDA:1,141,0,0
BRDA:1,141,1,0
BRDA:1,142,0,0
BRDA:1,142,1,0
BRDA:1,143,0,0
BRDA:1,143,1,0
BRDA:1,144,0,0
BRDA:1,144,1,0
BRDA:1,145,0,0
BRDA:1,145,1,0
BRDA:1,145,2,0
BRDA:1,145,3,0
BRDA:1,145,4,0
BRDA:1,145,5,0
BRDA:1,146,0,0
BRDA:1,146,1,0
BRDA:1,147,0,0
BRDA:1,147,1,0
BRDA:1,148,0,0
BRDA:1,148,1,0
BRDA:1,149,0,0
BRDA:1,149,1,0
BRDA:1,150,0,0
BRDA:1,150,1,0
BRDA:1,151,0,0
BRDA:1,151,1,0
BRDA:1,152,0,0
BRDA:1,152,1,0
BRDA:1,153,0,0
BRDA:1,153,1,0
BRDA:1,154,0,0
BRDA:1,154,1,0
BRDA:1,155,0,0
BRDA:1,155,1,0
BRDA:1,156,0,0
BRDA:1,156,1,0
BRDA:1,157,0,0
BRDA:1,157,1,0
BRDA:1,158,0,0
BRDA:1,158,1,0
BRDA:1,159,0,0
BRDA:1,159,1,0
BRDA:1,160,0,0
BRDA:1,160,1,0
BRDA:1,161,0,0
BRDA:1,161,1,0
BRDA:1,161,2,0
BRDA:1,162,0,0
BRDA:1,162,1,0
BRDA:1,163,0,0
BRDA:1,163,1,0
BRDA:1,164,0,0
BRDA:1,164,1,0
BRDA:1,164,2,0
BRDA:1,165,0,0
BRDA:1,165,1,0
BRDA:1,166,0,0
BRDA:1,166,1,0
BRDA:1,167,0,0
BRDA:1,167,1,0
BRDA:1,168,0,0
BRDA:1,168,1,0
BRDA:1,169,0,0
BRDA:1,169,1,0
BRDA:1,170,0,0
BRDA:1,170,1,0
BRDA:1,171,0,0
BRDA:1,171,1,0
BRDA:1,172,0,0
BRDA:1,172,1,0
BRDA:1,173,0,0
BRDA:1,173,1,0
BRDA:1,174,0,0
BRDA:1,174,1,0
BRDA:1,174,2,0
BRDA:1,175,0,0
BRDA:1,175,1,0
BRDA:1,176,0,0
BRDA:1,176,1,0
BRDA:1,177,0,0
BRDA:1,177,1,0
BRDA:1,177,2,0
BRDA:1,178,0,0
BRDA:1,178,1,0
BRDA:1,179,0,0
BRDA:1,179,1,0
BRDA:1,180,0,0
BRDA:1,180,1,0
BRDA:1,180,2,0
BRDA:1,181,0,0
BRDA:1,181,1,0
BRDA:1,182,0,0
BRDA:1,182,1,0
BRDA:1,183,0,0
BRDA:1,183,1,0
BRDA:1,184,0,0
BRDA:1,184,1,0
BRDA:1,184,2,0
BRDA:1,185,0,0
BRDA:1,185,1,0
BRDA:1,186,0,0
BRDA:1,186,1,0
BRDA:1,187,0,0
BRDA:1,187,1,0
BRDA:1,188,0,0
BRDA:1,188,1,0
BRDA:1,188,2,0
BRDA:1,188,3,0
BRDA:1,189,0,0
BRDA:1,189,1,0
BRDA:1,190,0,0
BRDA:1,190,1,0
BRDA:1,191,0,0
BRDA:1,191,1,0
BRDA:1,192,0,0
BRDA:1,192,1,0
BRDA:1,193,0,0
BRDA:1,193,1,0
BRDA:1,194,0,0
BRDA:1,194,1,0
BRDA:6,195,0,0
BRDA:6,195,1,0
BRDA:6,196,0,0
BRDA:6,196,1,0
BRDA:6,197,0,0
BRDA:6,197,1,0
BRDA:6,198,0,0
BRDA:6,198,1,0
BRDA:6,199,0,0
BRDA:6,199,1,0
BRDA:6,200,0,0
BRDA:6,200,1,0
BRDA:6,201,0,0
BRDA:6,201,1,0
BRDA:6,202,0,0
BRDA:6,202,1,0
BRDA:14,203,0,0
BRDA:14,203,1,0
BRDA:14,204,0,0
BRDA:14,204,1,0
BRDA:14,205,0,0
BRDA:14,205,1,0
BRDA:14,206,0,0
BRDA:14,206,1,0
BRDA:14,207,0,0
BRDA:14,207,1,0
BRDA:14,208,0,0
BRDA:14,208,1,0
BRDA:14,209,0,0
BRDA:14,209,1,0
BRDA:14,210,0,0
BRDA:14,210,1,0
BRDA:14,211,0,0
BRDA:14,211,1,0
BRDA:14,212,0,0
BRDA:14,212,1,0
BRDA:14,213,0,0
BRDA:14,213,1,0
BRDA:14,214,0,0
BRDA:14,214,1,0
BRDA:14,215,0,0
BRDA:14,215,1,0
BRDA:14,216,0,0
BRDA:14,216,1,0
BRDA:14,217,0,0
BRDA:14,217,1,0
BRDA:14,218,0,0
BRDA:14,218,1,0
BRDA:14,219,0,0
BRDA:14,219,1,0
BRDA:14,220,0,0
BRDA:14,220,1,0
BRDA:14,221,0,0
BRDA:14,221,1,0
BRDA:14,222,0,0
BRDA:14,222,1,0
BRDA:14,223,0,0
BRDA:14,223,1,0
BRDA:14,224,0,0
BRDA:14,224,1,0
BRDA:14,225,0,0
BRDA:14,225,1,0
BRDA:14,226,0,0
BRDA:14,226,1,0
BRDA:14,227,0,0
BRDA:14,227,1,0
BRDA:14,228,0,0
BRDA:14,228,1,0
BRDA:14,229,0,0
BRDA:14,229,1,0
BRDA:14,230,0,0
BRDA:14,230,1,0
BRDA:14,231,0,0
BRDA:14,231,1,0
BRDA:14,232,0,0
BRDA:14,232,1,0
BRDA:14,233,0,0
BRDA:14,233,1,0
BRDA:14,234,0,0
BRDA:14,234,1,0
BRDA:14,234,2,0
BRDA:14,235,0,0
BRDA:14,235,1,0
BRDA:14,236,0,0
BRDA:14,236,1,0
BRDA:14,237,0,0
BRDA:14,237,1,0
BRDA:14,238,0,0
BRDA:14,238,1,0
BRDA:14,239,0,0
BRDA:14,239,1,0
BRDA:14,239,2,0
BRDA:14,239,3,0
BRDA:14,239,4,0
BRDA:14,239,5,0
BRDA:14,239,6,0
BRDA:14,239,7,0
BRDA:14,239,8,0
BRDA:14,239,9,0
BRDA:14,239,10,0
BRDA:14,240,0,0
BRDA:14,240,1,0
BRDA:14,241,0,0
BRDA:14,241,1,0
BRDA:14,241,2,0
BRDA:14,241,3,0
BRDA:14,242,0,0
BRDA:14,242,1,0
BRDA:14,243,0,0
BRDA:14,243,1,0
BRDA:14,243,2,0
BRDA:14,244,0,0
BRDA:14,244,1,0
BRDA:14,245,0,0
BRDA:14,245,1,0
BRDA:14,246,0,0
BRDA:14,246,1,0
BRDA:14,247,0,0
BRDA:14,247,1,0
BRDA:14,248,0,0
BRDA:14,248,1,0
BRDA:14,249,0,0
BRDA:14,249,1,0
BRDA:14,250,0,0
BRDA:14,250,1,0
BRDA:14,251,0,0
BRDA:14,251,1,0
BRDA:14,252,0,0
BRDA:14,252,1,0
BRDA:14,253,0,0
BRDA:14,253,1,0
BRDA:14,253,2,0
BRDA:14,254,0,0
BRDA:14,254,1,0
BRDA:14,255,0,0
BRDA:14,255,1,0
BRDA:14,256,0,0
BRDA:14,256,1,0
BRDA:14,257,0,0
BRDA:14,257,1,0
BRDA:14,258,0,0
BRDA:14,258,1,0
BRDA:14,259,0,0
BRDA:14,259,1,0
BRDA:14,260,0,0
BRDA:14,260,1,0
BRDA:14,261,0,0
BRDA:14,261,1,0
BRDA:14,262,0,0
BRDA:14,262,1,0
BRDA:14,262,2,0
BRDA:14,262,3,0
BRDA:14,262,4,0
BRDA:14,263,0,0
BRDA:14,263,1,0
BRDA:14,263,2,0
BRDA:14,264,0,0
BRDA:14,264,1,0
BRDA:14,264,2,0
BRDA:14,265,0,0
BRDA:14,265,1,0
BRDA:14,266,0,0
BRDA:14,266,1,0
BRDA:14,267,0,0
BRDA:14,267,1,0
BRDA:14,268,0,0
BRDA:14,268,1,0
BRDA:14,269,0,0
BRDA:14,269,1,0
BRDA:14,270,0,0
BRDA:14,270,1,0
BRDA:14,271,0,0
BRDA:14,271,1,0
BRDA:14,272,0,0
BRDA:14,272,1,0
BRDA:14,273,0,0
BRDA:14,273,1,0
BRDA:14,274,0,0
BRDA:14,274,1,0
BRDA:14,275,0,0
BRDA:14,275,1,0
BRDA:14,276,0,0
BRDA:14,276,1,0
BRDA:14,277,0,0
BRDA:14,277,1,0
BRDA:14,278,0,0
BRDA:14,278,1,0
BRDA:14,279,0,0
BRDA:14,279,1,0
BRDA:14,280,0,0
BRDA:14,280,1,0
BRDA:14,281,0,0
BRDA:14,281,1,0
BRDA:14,282,0,0
BRDA:14,282,1,0
BRDA:14,283,0,0
BRDA:14,283,1,0
BRDA:14,284,0,0
BRDA:14,284,1,0
BRDA:14,285,0,0
BRDA:14,285,1,0
BRDA:14,286,0,0
BRDA:14,286,1,0
BRDA:14,287,0,0
BRDA:14,287,1,0
BRDA:14,288,0,0
BRDA:14,288,1,0
BRDA:14,289,0,0
BRDA:14,289,1,0
BRDA:14,290,0,0
BRDA:14,290,1,0
BRDA:14,291,0,0
BRDA:14,291,1,0
BRDA:14,292,0,0
BRDA:14,292,1,0
BRDA:14,293,0,0
BRDA:14,293,1,0
BRDA:14,293,2,0
BRDA:14,294,0,0
BRDA:14,294,1,0
BRDA:14,294,2,0
BRDA:14,295,0,0
BRDA:14,295,1,0
BRDA:14,295,2,0
BRDA:14,295,3,0
BRDA:14,295,4,0
BRDA:14,296,0,0
BRDA:14,296,1,0
BRDA:14,296,2,0
BRDA:14,296,3,0
BRDA:14,296,4,0
BRDA:14,296,5,0
BRDA:14,297,0,0
BRDA:14,297,1,0
BRDA:14,298,0,0
BRDA:14,298,1,0
BRDA:14,299,0,0
BRDA:14,299,1,0
BRDA:14,300,0,0
BRDA:14,300,1,0
BRDA:14,300,2,0
BRDA:14,301,0,0
BRDA:14,301,1,0
BRDA:14,302,0,0
BRDA:14,302,1,0
BRDA:14,303,0,0
BRDA:14,303,1,0
BRDA:14,303,2,0
BRDA:14,304,0,0
BRDA:14,304,1,0
BRDA:14,305,0,0
BRDA:14,305,1,0
BRDA:14,305,2,0
BRDA:14,306,0,0
BRDA:14,306,1,0
BRDA:14,307,0,0
BRDA:14,307,1,0
BRDA:14,308,0,0
BRDA:14,308,1,0
BRDA:14,308,2,0
BRDA:14,309,0,0
BRDA:14,309,1,0
BRDA:14,310,0,0
BRDA:14,310,1,0
BRDA:14,311,0,0
BRDA:14,311,1,0
BRDA:14,312,0,0
BRDA:14,312,1,0
BRDA:14,313,0,0
BRDA:14,313,1,0
BRDA:14,314,0,0
BRDA:14,314,1,0
BRDA:14,314,2,0
BRDA:14,314,3,0
BRDA:14,315,0,0
BRDA:14,315,1,0
BRDA:14,316,0,0
BRDA:14,316,1,0
BRDA:14,317,0,0
BRDA:14,317,1,0
BRDA:14,318,0,0
BRDA:14,318,1,0
BRDA:14,319,0,0
BRDA:14,319,1,0
BRDA:14,320,0,0
BRDA:14,320,1,0
BRDA:14,320,2,0
BRDA:14,321,0,0
BRDA:14,321,1,0
BRDA:14,321,2,0
BRDA:14,321,3,0
BRDA:14,322,0,0
BRDA:14,322,1,0
BRDA:14,323,0,0
BRDA:14,323,1,0
BRDA:14,323,2,0
BRDA:14,324,0,0
BRDA:14,324,1,0
BRDA:14,324,2,0
BRDA:14,325,0,0
BRDA:14,325,1,0
BRDA:14,326,0,0
BRDA:14,326,1,0
BRDA:14,327,0,0
BRDA:14,327,1,0
BRDA:14,328,0,0
BRDA:14,328,1,0
BRDA:14,329,0,0
BRDA:14,329,1,0
BRDA:14,330,0,0
BRDA:14,330,1,0
BRDA:14,331,0,0
BRDA:14,331,1,0
BRDA:14,332,0,0
BRDA:14,332,1,0
BRDA:14,333,0,0
BRDA:14,333,1,0
BRDA:14,334,0,0
BRDA:14,334,1,0
BRDA:14,335,0,0
BRDA:14,335,1,0
BRDA:14,336,0,0
BRDA:14,336,1,0
BRDA:14,337,0,0
BRDA:14,337,1,0
BRDA:14,338,0,0
BRDA:14,338,1,0
BRDA:14,339,0,0
BRDA:14,339,1,0
BRDA:14,339,2,0
BRDA:14,340,0,0
BRDA:14,340,1,0
BRDA:14,340,2,0
BRDA:14,341,0,0
BRDA:14,341,1,0
BRDA:14,342,0,0
BRDA:14,342,1,0
BRDA:14,343,0,0
BRDA:14,343,1,0
BRDA:14,343,2,0
BRDA:14,344,0,0
BRDA:14,344,1,0
BRDA:14,345,0,0
BRDA:14,345,1,0
BRDA:14,346,0,0
BRDA:14,346,1,0
BRDA:14,347,0,0
BRDA:14,347,1,0
BRDA:14,347,2,0
BRDA:14,347,3,0
BRDA:14,348,0,0
BRDA:14,348,1,0
BRDA:14,349,0,0
BRDA:14,349,1,0
BRDA:14,350,0,0
BRDA:14,350,1,0
BRDA:14,351,0,0
BRDA:14,351,1,0
BRDA:14,351,2,0
BRDA:14,351,3,0
BRDA:14,352,0,0
BRDA:14,352,1,0
BRDA:14,353,0,0
BRDA:14,353,1,0
BRDA:14,354,0,0
BRDA:14,354,1,0
BRDA:14,355,0,0
BRDA:14,355,1,0
BRDA:14,356,0,0
BRDA:14,356,1,0
BRDA:14,357,0,0
BRDA:14,357,1,0
BRDA:14,358,0,0
BRDA:14,358,1,0
BRDA:14,359,0,0
BRDA:14,359,1,0
BRDA:14,360,0,0
BRDA:14,360,1,0
BRDA:14,361,0,0
BRDA:14,361,1,0
BRDA:14,362,0,0
BRDA:14,362,1,0
BRDA:14,363,0,0
BRDA:14,363,1,0
BRDA:14,364,0,0
BRDA:14,364,1,0
BRDA:14,365,0,0
BRDA:14,365,1,0
BRDA:14,366,0,0
BRDA:14,366,1,0
BRDA:14,367,0,0
BRDA:14,367,1,0
BRDA:14,368,0,0
BRDA:14,368,1,0
BRDA:14,369,0,0
BRDA:14,369,1,0
BRDA:14,370,0,0
BRDA:14,370,1,0
BRDA:14,371,0,0
BRDA:14,371,1,0
BRDA:14,372,0,0
BRDA:14,372,1,0
BRDA:14,373,0,0
BRDA:14,373,1,0
BRDA:14,374,0,0
BRDA:14,374,1,0
BRDA:14,375,0,0
BRDA:14,375,1,0
BRDA:14,375,2,0
BRDA:14,376,0,0
BRDA:14,376,1,0
BRDA:14,377,0,0
BRDA:14,377,1,0
BRDA:14,378,0,0
BRDA:14,378,1,0
BRDA:14,378,2,0
BRDA:14,379,0,0
BRDA:14,379,1,0
BRDA:14,380,0,0
BRDA:14,380,1,0
BRDA:14,380,2,0
BRDA:14,380,3,0
BRDA:14,380,4,0
BRDA:14,380,5,0
BRDA:14,381,0,0
BRDA:14,381,1,0
BRDA:14,382,0,0
BRDA:14,382,1,0
BRDA:14,382,2,0
BRDA:14,382,3,0
BRDA:14,382,4,0
BRDA:14,383,0,0
BRDA:14,383,1,0
BRDA:14,383,2,0
BRDA:14,384,0,0
BRDA:14,384,1,0
BRDA:14,385,0,0
BRDA:14,385,1,0
BRDA:14,386,0,0
BRDA:14,386,1,0
BRDA:14,387,0,0
BRDA:14,387,1,0
BRDA:14,388,0,0
BRDA:14,388,1,0
BRDA:14,388,2,0
BRDA:14,388,3,0
BRDA:14,388,4,0
BRDA:14,388,5,0
BRDA:14,388,6,0
BRDA:14,388,7,0
BRDA:14,389,0,0
BRDA:14,389,1,0
BRDA:14,390,0,0
BRDA:14,390,1,0
BRDA:14,391,0,0
BRDA:14,391,1,0
BRDA:14,392,0,0
BRDA:14,392,1,0
BRDA:14,393,0,0
BRDA:14,393,1,0
BRDA:14,393,2,0
BRDA:14,394,0,0
BRDA:14,394,1,0
BRDA:14,395,0,0
BRDA:14,395,1,0
BRDA:14,396,0,0
BRDA:14,396,1,0
BRDA:14,397,0,0
BRDA:14,397,1,0
BRDA:14,397,2,0
BRDA:14,397,3,0
BRDA:14,397,4,0
BRDA:14,397,5,0
BRDA:14,398,0,0
BRDA:14,398,1,0
BRDA:14,399,0,0
BRDA:14,399,1,0
BRDA:14,400,0,0
BRDA:14,400,1,0
BRDA:14,401,0,0
BRDA:14,401,1,0
BRDA:14,402,0,0
BRDA:14,402,1,0
BRDA:14,403,0,0
BRDA:14,403,1,0
BRDA:14,403,2,0
BRDA:14,403,3,0
BRDA:14,404,0,0
BRDA:14,404,1,0
BRDA:14,405,0,0
BRDA:14,405,1,0
BRDA:14,406,0,0
BRDA:14,406,1,0
BRDA:14,407,0,0
BRDA:14,407,1,0
BRDA:14,408,0,0
BRDA:14,408,1,0
BRDA:14,409,0,0
BRDA:14,409,1,0
BRDA:14,409,2,0
BRDA:14,409,3,0
BRDA:14,410,0,0
BRDA:14,410,1,0
BRDA:14,411,0,0
BRDA:14,411,1,0
BRDA:14,412,0,0
BRDA:14,412,1,0
BRDA:14,413,0,0
BRDA:14,413,1,0
BRDA:14,414,0,0
BRDA:14,414,1,0
BRDA:14,414,2,0
BRDA:14,415,0,0
BRDA:14,415,1,0
BRDA:14,416,0,0
BRDA:14,416,1,0
BRDA:14,417,0,0
BRDA:14,417,1,0
BRDA:14,418,0,0
BRDA:14,418,1,0
BRDA:14,419,0,0
BRDA:14,419,1,0
BRDA:14,420,0,0
BRDA:14,420,1,0
BRDA:14,421,0,0
BRDA:14,421,1,0
BRDA:14,422,0,0
BRDA:14,422,1,0
BRDA:14,422,2,0
BRDA:14,423,0,0
BRDA:14,423,1,0
BRDA:14,424,0,0
BRDA:14,424,1,0
BRDA:14,424,2,0
BRDA:14,424,3,0
BRDA:14,424,4,0
BRDA:14,424,5,0
BRDA:14,425,0,0
BRDA:14,425,1,0
BRDA:14,426,0,0
BRDA:14,426,1,0
BRDA:14,427,0,0
BRDA:14,427,1,0
BRDA:14,428,0,0
BRDA:14,428,1,0
BRDA:14,429,0,0
BRDA:14,429,1,0
BRDA:14,430,0,0
BRDA:14,430,1,0
BRDA:14,431,0,0
BRDA:14,431,1,0
BRDA:14,432,0,0
BRDA:14,432,1,0
BRDA:14,433,0,0
BRDA:14,433,1,0
BRDA:14,434,0,0
BRDA:14,434,1,0
BRDA:14,434,2,0
BRDA:14,434,3,0
BRDA:14,435,0,0
BRDA:14,435,1,0
BRDA:14,436,0,0
BRDA:14,436,1,0
BRDA:14,437,0,0
BRDA:14,437,1,0
BRDA:14,438,0,0
BRDA:14,438,1,0
BRDA:14,439,0,0
BRDA:14,439,1,0
BRDA:14,440,0,0
BRDA:14,440,1,0
BRDA:14,440,2,0
BRDA:14,441,0,0
BRDA:14,441,1,0
BRDA:14,442,0,0
BRDA:14,442,1,0
BRDA:14,443,0,0
BRDA:14,443,1,0
BRDA:14,444,0,0
BRDA:14,444,1,0
BRDA:14,444,2,0
BRDA:14,444,3,0
BRDA:14,445,0,0
BRDA:14,445,1,0
BRDA:14,445,2,0
BRDA:14,446,0,0
BRDA:14,446,1,0
BRDA:14,447,0,0
BRDA:14,447,1,0
BRDA:14,448,0,0
BRDA:14,448,1,0
BRDA:14,448,2,0
BRDA:14,449,0,0
BRDA:14,449,1,0
BRDA:14,450,0,0
BRDA:14,450,1,0
BRDA:14,451,0,0
BRDA:14,451,1,0
BRDA:14,452,0,0
BRDA:14,452,1,0
BRDA:14,453,0,0
BRDA:14,453,1,0
BRDA:14,454,0,0
BRDA:14,454,1,0
BRDA:14,454,2,0
BRDA:14,455,0,0
BRDA:14,455,1,0
BRDA:14,456,0,0
BRDA:14,456,1,0
BRDA:14,457,0,0
BRDA:14,457,1,0
BRDA:14,458,0,0
BRDA:14,458,1,0
BRDA:14,458,2,0
BRDA:14,459,0,0
BRDA:14,459,1,0
BRDA:14,460,0,0
BRDA:14,460,1,0
BRDA:14,461,0,0
BRDA:14,461,1,0
BRDA:14,462,0,0
BRDA:14,462,1,0
BRDA:14,463,0,0
BRDA:14,463,1,0
BRDA:14,463,2,0
BRDA:14,464,0,0
BRDA:14,464,1,0
BRDA:14,465,0,0
BRDA:14,465,1,0
BRDA:14,466,0,0
BRDA:14,466,1,0
BRDA:14,467,0,0
BRDA:14,467,1,0
BRDA:14,468,0,0
BRDA:14,468,1,0
BRDA:14,468,2,0
BRDA:14,469,0,0
BRDA:14,469,1,0
BRDA:14,470,0,0
BRDA:14,470,1,0
BRDA:14,471,0,0
BRDA:14,471,1,0
BRDA:14,471,2,0
BRDA:14,471,3,0
BRDA:14,471,4,0
BRDA:14,472,0,0
BRDA:14,472,1,0
BRDA:14,473,0,0
BRDA:14,473,1,0
BRDA:14,474,0,0
BRDA:14,474,1,0
BRDA:14,474,2,0
BRDA:14,474,3,0
BRDA:14,474,4,0
BRDA:14,475,0,0
BRDA:14,475,1,0
BRDA:14,476,0,0
BRDA:14,476,1,0
BRDA:14,477,0,0
BRDA:14,477,1,0
BRDA:14,478,0,0
BRDA:14,478,1,0
BRDA:14,479,0,0
BRDA:14,479,1,0
BRDA:14,480,0,0
BRDA:14,480,1,0
BRDA:14,481,0,0
BRDA:14,481,1,0
BRDA:14,482,0,0
BRDA:14,482,1,0
BRDA:14,483,0,0
BRDA:14,483,1,0
BRDA:14,484,0,0
BRDA:14,484,1,0
BRDA:14,485,0,0
BRDA:14,485,1,0
BRDA:14,486,0,0
BRDA:14,486,1,0
BRDA:14,487,0,0
BRDA:14,487,1,0
BRDA:14,488,0,0
BRDA:14,488,1,0
BRDA:14,488,2,0
BRDA:14,488,3,0
BRDA:14,488,4,0
BRDA:14,489,0,0
BRDA:14,489,1,0
BRDA:14,490,0,0
BRDA:14,490,1,0
BRDA:14,491,0,0
BRDA:14,491,1,0
BRDA:14,492,0,0
BRDA:14,492,1,0
BRDA:14,493,0,0
BRDA:14,493,1,0
BRDA:14,494,0,0
BRDA:14,494,1,0
BRDA:14,495,0,0
BRDA:14,495,1,0
BRDA:14,496,0,0
BRDA:14,496,1,0
BRDA:14,497,0,0
BRDA:14,497,1,0
BRDA:14,498,0,0
BRDA:14,498,1,0
BRDA:14,498,2,0
BRDA:14,499,0,0
BRDA:14,499,1,0
BRDA:14,500,0,0
BRDA:14,500,1,0
BRDA:14,501,0,0
BRDA:14,501,1,0
BRDA:14,502,0,0
BRDA:14,502,1,0
BRDA:14,503,0,0
BRDA:14,503,1,0
BRDA:14,504,0,0
BRDA:14,504,1,0
BRDA:14,505,0,0
BRDA:14,505,1,0
BRDA:14,505,2,0
BRDA:14,505,3,0
BRDA:14,506,0,0
BRDA:14,506,1,0
BRDA:14,506,2,0
BRDA:14,506,3,0
BRDA:14,507,0,0
BRDA:14,507,1,0
BRDA:14,508,0,0
BRDA:14,508,1,0
BRDA:14,508,2,0
BRDA:14,509,0,0
BRDA:14,509,1,0
BRDA:14,510,0,0
BRDA:14,510,1,0
BRDA:14,511,0,0
BRDA:14,511,1,0
BRDA:14,512,0,0
BRDA:14,512,1,0
BRDA:14,512,2,0
BRDA:14,512,3,0
BRDA:14,513,0,0
BRDA:14,513,1,0
BRDA:14,514,0,0
BRDA:14,514,1,0
BRDA:14,515,0,0
BRDA:14,515,1,0
BRDA:14,516,0,0
BRDA:14,516,1,0
BRDA:14,517,0,0
BRDA:14,517,1,0
BRDA:14,518,0,0
BRDA:14,518,1,0
BRDA:14,519,0,0
BRDA:14,519,1,0
BRDA:14,520,0,0
BRDA:14,520,1,0
BRDA:14,521,0,0
BRDA:14,521,1,0
BRDA:14,522,0,0
BRDA:14,522,1,0
BRDA:14,523,0,0
BRDA:14,523,1,0
BRDA:14,524,0,0
BRDA:14,524,1,0
BRDA:14,525,0,0
BRDA:14,525,1,0
BRDA:14,526,0,0
BRDA:14,526,1,0
BRDA:14,527,0,0
BRDA:14,527,1,0
BRDA:14,528,0,0
BRDA:14,528,1,0
BRDA:14,529,0,0
BRDA:14,529,1,0
BRDA:14,530,0,0
BRDA:14,530,1,0
BRDA:14,531,0,0
BRDA:14,531,1,0
BRDA:14,532,0,0
BRDA:14,532,1,0
BRDA:14,533,0,0
BRDA:14,533,1,0
BRDA:14,534,0,0
BRDA:14,534,1,0
BRDA:14,535,0,0
BRDA:14,535,1,0
BRDA:14,536,0,0
BRDA:14,536,1,0
BRDA:14,537,0,0
BRDA:14,537,1,0
BRDA:14,538,0,0
BRDA:14,538,1,0
BRDA:14,539,0,0
BRDA:14,539,1,0
BRDA:14,540,0,0
BRDA:14,540,1,0
BRDA:14,541,0,0
BRDA:14,541,1,0
BRDA:14,542,0,0
BRDA:14,542,1,0
BRDA:14,543,0,0
BRDA:14,543,1,0
BRDA:14,544,0,0
BRDA:14,544,1,0
BRDA:14,545,0,0
BRDA:14,545,1,0
BRDA:14,546,0,0
BRDA:14,546,1,0
BRDA:14,547,0,0
BRDA:14,547,1,0
BRDA:14,548,0,0
BRDA:14,548,1,0
BRDA:14,549,0,0
BRDA:14,549,1,0
BRDA:14,549,2,0
BRDA:14,550,0,0
BRDA:14,550,1,0
BRDA:14,551,0,0
BRDA:14,551,1,0
BRDA:14,552,0,0
BRDA:14,552,1,0
BRDA:14,553,0,0
BRDA:14,553,1,0
BRDA:14,554,0,0
BRDA:14,554,1,0
BRDA:14,555,0,0
BRDA:14,555,1,0
BRDA:14,556,0,0
BRDA:14,556,1,0
BRDA:14,557,0,0
BRDA:14,557,1,0
BRDA:14,558,0,0
BRDA:14,558,1,0
BRDA:14,559,0,0
BRDA:14,559,1,0
BRDA:14,560,0,0
BRDA:14,560,1,0
BRDA:14,561,0,0
BRDA:14,561,1,0
BRDA:14,562,0,0
BRDA:14,562,1,0
BRDA:14,563,0,0
BRDA:14,563,1,0
BRDA:14,564,0,0
BRDA:14,564,1,0
BRDA:14,565,0,0
BRDA:14,565,1,0
BRDA:14,566,0,0
BRDA:14,566,1,0
BRDA:14,567,0,0
BRDA:14,567,1,0
BRDA:14,568,0,0
BRDA:14,568,1,0
BRDA:14,569,0,0
BRDA:14,569,1,0
BRDA:14,570,0,0
BRDA:14,570,1,0
BRDA:14,571,0,0
BRDA:14,571,1,0
BRDA:14,572,0,0
BRDA:14,572,1,0
BRDA:14,573,0,0
BRDA:14,573,1,0
BRDA:14,574,0,0
BRDA:14,574,1,0
BRDA:14,574,2,0
BRDA:14,574,3,0
BRDA:14,574,4,0
BRDA:14,574,5,0
BRDA:14,574,6,0
BRDA:14,574,7,0
BRDA:14,574,8,0
BRDA:14,574,9,0
BRDA:14,574,10,0
BRDA:14,574,11,0
BRDA:14,574,12,0
BRDA:14,574,13,0
BRDA:14,574,14,0
BRDA:14,574,15,0
BRDA:14,574,16,0
BRDA:14,574,17,0
BRDA:14,574,18,0
BRDA:14,574,19,0
BRDA:14,574,20,0
BRDA:14,574,21,0
BRDA:14,574,22,0
BRDA:14,574,23,0
BRDA:14,574,24,0
BRDA:14,574,25,0
BRDA:14,574,26,0
BRDA:14,574,27,0
BRDA:14,574,28,0
BRDA:14,574,29,0
BRDA:14,574,30,0
BRDA:14,574,31,0
BRDA:14,574,32,0
BRDA:14,574,33,0
BRDA:14,574,34,0
BRDA:14,574,35,0
BRDA:14,574,36,0
BRDA:14,574,37,0
BRDA:14,574,38,0
BRDA:14,574,39,0
BRDA:14,574,40,0
BRDA:14,574,41,0
BRDA:14,574,42,0
BRDA:14,574,43,0
BRDA:14,575,0,0
BRDA:14,575,1,0
BRDA:14,576,0,0
BRDA:14,576,1,0
BRDA:14,577,0,0
BRDA:14,577,1,0
BRDA:14,578,0,0
BRDA:14,578,1,0
BRDA:14,579,0,0
BRDA:14,579,1,0
BRDA:14,580,0,0
BRDA:14,580,1,0
BRDA:14,580,2,0
BRDA:14,581,0,0
BRDA:14,581,1,0
BRDA:14,582,0,0
BRDA:14,582,1,0
BRDA:14,583,0,0
BRDA:14,583,1,0
BRDA:14,584,0,0
BRDA:14,584,1,0
BRDA:14,585,0,0
BRDA:14,585,1,0
BRDA:14,586,0,0
BRDA:14,586,1,0
BRDA:14,587,0,0
BRDA:14,587,1,0
BRDA:14,587,2,0
BRDA:14,587,3,0
BRDA:14,588,0,0
BRDA:14,588,1,0
BRDA:14,589,0,0
BRDA:14,589,1,0
BRDA:14,590,0,0
BRDA:14,590,1,0
BRDA:14,591,0,0
BRDA:14,591,1,0
BRDA:14,592,0,0
BRDA:14,592,1,0
BRDA:14,593,0,0
BRDA:14,593,1,0
BRDA:14,594,0,0
BRDA:14,594,1,0
BRDA:14,595,0,0
BRDA:14,595,1,0
BRDA:14,596,0,0
BRDA:14,596,1,0
BRDA:14,597,0,0
BRDA:14,597,1,0
BRDA:14,598,0,0
BRDA:14,598,1,0
BRDA:14,599,0,0
BRDA:14,599,1,0
BRDA:14,599,2,0
BRDA:14,600,0,0
BRDA:14,600,1,0
BRDA:14,600,2,0
BRDA:14,600,3,0
BRDA:14,600,4,0
BRDA:14,600,5,0
BRDA:14,600,6,0
BRDA:14,600,7,0
BRDA:14,600,8,0
BRDA:14,601,0,0
BRDA:14,601,1,0
BRDA:14,601,2,0
BRDA:14,602,0,0
BRDA:14,602,1,0
BRDA:14,603,0,0
BRDA:14,603,1,0
BRDA:14,604,0,0
BRDA:14,604,1,0
BRDA:14,605,0,0
BRDA:14,605,1,0
BRDA:14,605,2,0
BRDA:14,606,0,0
BRDA:14,606,1,0
BRDA:14,607,0,0
BRDA:14,607,1,0
BRDA:14,608,0,0
BRDA:14,608,1,0
BRDA:14,608,2,0
BRDA:14,609,0,0
BRDA:14,609,1,0
BRDA:14,610,0,0
BRDA:14,610,1,0
BRDA:14,611,0,0
BRDA:14,611,1,0
BRDA:14,612,0,0
BRDA:14,612,1,0
BRDA:14,613,0,0
BRDA:14,613,1,0
BRDA:14,614,0,0
BRDA:14,614,1,0
BRDA:14,615,0,0
BRDA:14,615,1,0
BRDA:14,616,0,0
BRDA:14,616,1,0
BRDA:14,617,0,0
BRDA:14,617,1,0
BRDA:14,617,2,0
BRDA:14,617,3,0
BRDA:14,617,4,0
BRDA:14,617,5,0
BRDA:14,617,6,0
BRDA:14,617,7,0
BRDA:14,617,8,0
BRDA:14,618,0,0
BRDA:14,618,1,0
BRDA:14,619,0,0
BRDA:14,619,1,0
BRDA:14,619,2,0
BRDA:14,620,0,0
BRDA:14,620,1,0
BRDA:14,621,0,0
BRDA:14,621,1,0
BRDA:14,622,0,0
BRDA:14,622,1,0
BRDA:14,623,0,0
BRDA:14,623,1,0
BRDA:14,624,0,0
BRDA:14,624,1,0
BRDA:14,625,0,0
BRDA:14,625,1,0
BRDA:14,625,2,0
BRDA:14,626,0,0
BRDA:14,626,1,0
BRDA:14,627,0,0
BRDA:14,627,1,0
BRDA:14,628,0,0
BRDA:14,628,1,0
BRDA:14,628,2,0
BRDA:14,629,0,0
BRDA:14,629,1,0
BRDA:14,630,0,0
BRDA:14,630,1,0
BRDA:14,631,0,0
BRDA:14,631,1,0
BRDA:14,632,0,0
BRDA:14,632,1,0
BRDA:14,633,0,0
BRDA:14,633,1,0
BRDA:14,634,0,0
BRDA:14,634,1,0
BRDA:14,635,0,0
BRDA:14,635,1,0
BRDA:14,636,0,0
BRDA:14,636,1,0
BRDA:14,637,0,0
BRDA:14,637,1,0
BRDA:14,638,0,0
BRDA:14,638,1,0
BRDA:14,639,0,0
BRDA:14,639,1,0
BRDA:14,639,2,0
BRDA:14,640,0,0
BRDA:14,640,1,0
BRDA:14,641,0,0
BRDA:14,641,1,0
BRDA:14,642,0,0
BRDA:14,642,1,0
BRDA:14,642,2,0
BRDA:14,643,0,0
BRDA:14,643,1,0
BRDA:14,644,0,0
BRDA:14,644,1,0
BRDA:14,645,0,0
BRDA:14,645,1,0
BRDA:14,646,0,0
BRDA:14,646,1,0
BRDA:14,647,0,0
BRDA:14,647,1,0
BRDA:14,648,0,0
BRDA:14,648,1,0
BRDA:14,649,0,0
BRDA:14,649,1,0
BRDA:14,650,0,0
BRDA:14,650,1,0
BRDA:14,651,0,0
BRDA:14,651,1,0
BRDA:14,652,0,0
BRDA:14,652,1,0
BRDA:14,653,0,0
BRDA:14,653,1,0
BRDA:14,654,0,0
BRDA:14,654,1,0
BRDA:14,654,2,0
BRDA:14,655,0,0
BRDA:14,655,1,0
BRDA:14,656,0,0
BRDA:14,656,1,0
BRDA:14,656,2,0
BRDA:14,657,0,0
BRDA:14,657,1,0
BRDA:14,658,0,0
BRDA:14,658,1,0
BRDA:14,658,2,0
BRDA:14,658,3,0
BRDA:14,658,4,0
BRDA:14,659,0,0
BRDA:14,659,1,0
BRDA:14,660,0,0
BRDA:14,660,1,0
BRDA:14,661,0,0
BRDA:14,661,1,0
BRDA:14,662,0,0
BRDA:14,662,1,0
BRDA:14,663,0,0
BRDA:14,663,1,0
BRDA:14,663,2,0
BRDA:14,663,3,0
BRDA:14,664,0,0
BRDA:14,664,1,0
BRDA:14,665,0,0
BRDA:14,665,1,0
BRDA:14,666,0,0
BRDA:14,666,1,0
BRDA:14,666,2,0
BRDA:14,667,0,0
BRDA:14,667,1,0
BRDA:14,667,2,0
BRDA:14,668,0,0
BRDA:14,668,1,0
BRDA:14,669,0,0
BRDA:14,669,1,0
BRDA:14,669,2,0
BRDA:14,669,3,0
BRDA:14,669,4,0
BRDA:14,669,5,0
BRDA:14,669,6,0
BRDA:14,669,7,0
BRDA:14,669,8,0
BRDA:14,670,0,0
BRDA:14,670,1,0
BRDA:14,671,0,0
BRDA:14,671,1,0
BRDA:14,672,0,0
BRDA:14,672,1,0
BRDA:14,673,0,0
BRDA:14,673,1,0
BRDA:14,674,0,0
BRDA:14,674,1,0
BRDA:14,674,2,0
BRDA:14,674,3,0
BRDA:14,674,4,0
BRDA:14,674,5,0
BRDA:14,674,6,0
BRDA:14,674,7,0
BRDA:14,674,8,0
BRDA:14,675,0,0
BRDA:14,675,1,0
BRDA:14,676,0,0
BRDA:14,676,1,0
BRDA:14,677,0,0
BRDA:14,677,1,0
BRDA:14,677,2,0
BRDA:14,677,3,0
BRDA:14,678,0,0
BRDA:14,678,1,0
BRDA:14,678,2,0
BRDA:14,678,3,0
BRDA:14,678,4,0
BRDA:14,678,5,0
BRDA:14,678,6,0
BRDA:14,678,7,0
BRDA:14,679,0,0
BRDA:14,679,1,0
BRDA:14,680,0,0
BRDA:14,680,1,0
BRDA:14,681,0,0
BRDA:14,681,1,0
BRDA:14,681,2,0
BRDA:14,682,0,0
BRDA:14,682,1,0
BRDA:14,682,2,0
BRDA:14,683,0,0
BRDA:14,683,1,0
BRDA:14,684,0,0
BRDA:14,684,1,0
BRDA:14,685,0,0
BRDA:14,685,1,0
BRDA:14,686,0,0
BRDA:14,686,1,0
BRDA:14,687,0,0
BRDA:14,687,1,0
BRDA:14,688,0,0
BRDA:14,688,1,0
BRDA:14,689,0,0
BRDA:14,689,1,0
BRDA:14,690,0,0
BRDA:14,690,1,0
BRDA:14,691,0,0
BRDA:14,691,1,0
BRDA:14,692,0,0
BRDA:14,692,1,0
BRDA:14,692,2,0
BRDA:14,693,0,0
BRDA:14,693,1,0
BRDA:14,694,0,0
BRDA:14,694,1,0
BRDA:14,695,0,0
BRDA:14,695,1,0
BRDA:14,696,0,0
BRDA:14,696,1,0
BRDA:14,697,0,0
BRDA:14,697,1,0
BRDA:14,698,0,0
BRDA:14,698,1,0
BRDA:14,699,0,0
BRDA:14,699,1,0
BRDA:14,700,0,0
BRDA:14,700,1,0
BRDA:14,700,2,0
BRDA:14,700,3,0
BRDA:14,700,4,0
BRDA:14,700,5,0
BRDA:14,701,0,0
BRDA:14,701,1,0
BRDA:14,702,0,0
BRDA:14,702,1,0
BRDA:14,703,0,0
BRDA:14,703,1,0
BRDA:14,703,2,0
BRDA:14,703,3,0
BRDA:14,703,4,0
BRDA:14,704,0,0
BRDA:14,704,1,0
BRDA:14,705,0,0
BRDA:14,705,1,0
BRDA:14,706,0,0
BRDA:14,706,1,0
BRDA:14,707,0,0
BRDA:14,707,1,0
BRDA:14,708,0,0
BRDA:14,708,1,0
BRDA:14,709,0,0
BRDA:14,709,1,0
BRDA:14,710,0,0
BRDA:14,710,1,0
BRDA:14,710,2,0
BRDA:14,711,0,0
BRDA:14,711,1,0
BRDA:14,712,0,0
BRDA:14,712,1,0
BRDA:14,713,0,0
BRDA:14,713,1,0
BRDA:14,714,0,0
BRDA:14,714,1,0
BRDA:14,715,0,0
BRDA:14,715,1,0
BRDA:14,716,0,0
BRDA:14,716,1,0
BRDA:14,717,0,0
BRDA:14,717,1,0
BRDA:14,718,0,0
BRDA:14,718,1,0
BRDA:14,719,0,0
BRDA:14,719,1,0
BRDA:14,719,2,0
BRDA:14,719,3,0
BRDA:14,720,0,0
BRDA:14,720,1,0
BRDA:14,721,0,0
BRDA:14,721,1,0
BRDA:14,721,2,0
BRDA:14,722,0,0
BRDA:14,722,1,0
BRDA:14,723,0,0
BRDA:14,723,1,0
BRDA:14,724,0,0
BRDA:14,724,1,0
BRDA:14,725,0,0
BRDA:14,725,1,0
BRDA:14,726,0,0
BRDA:14,726,1,0
BRDA:14,727,0,0
BRDA:14,727,1,0
BRDA:14,728,0,0
BRDA:14,728,1,0
BRDA:14,729,0,0
BRDA:14,729,1,0
BRDA:14,730,0,0
BRDA:14,730,1,0
BRDA:14,731,0,0
BRDA:14,731,1,0
BRDA:14,732,0,0
BRDA:14,732,1,0
BRDA:14,733,0,0
BRDA:14,733,1,0
BRDA:14,734,0,0
BRDA:14,734,1,0
BRDA:14,734,2,0
BRDA:14,735,0,0
BRDA:14,735,1,0
BRDA:14,735,2,0
BRDA:14,735,3,0
BRDA:14,736,0,0
BRDA:14,736,1,0
BRDA:14,737,0,0
BRDA:14,737,1,0
BRDA:14,738,0,0
BRDA:14,738,1,0
BRDA:14,739,0,0
BRDA:14,739,1,0
BRDA:14,740,0,0
BRDA:14,740,1,0
BRDA:14,741,0,0
BRDA:14,741,1,0
BRDA:14,742,0,0
BRDA:14,742,1,0
BRDA:14,743,0,0
BRDA:14,743,1,0
BRDA:14,744,0,0
BRDA:14,744,1,0
BRDA:14,745,0,0
BRDA:14,745,1,0
BRDA:14,746,0,0
BRDA:14,746,1,0
BRDA:14,747,0,0
BRDA:14,747,1,0
BRDA:14,748,0,0
BRDA:14,748,1,0
BRDA:14,749,0,0
BRDA:14,749,1,0
BRDA:14,750,0,0
BRDA:14,750,1,0
BRDA:14,751,0,0
BRDA:14,751,1,0
BRDA:14,752,0,0
BRDA:14,752,1,0
BRDA:14,752,2,0
BRDA:14,753,0,0
BRDA:14,753,1,0
BRDA:14,754,0,0
BRDA:14,754,1,0
BRDA:14,755,0,0
BRDA:14,755,1,0
BRDA:14,756,0,0
BRDA:14,756,1,0
BRDA:14,757,0,0
BRDA:14,757,1,0
BRDA:14,757,2,0
BRDA:14,757,3,0
BRDA:14,758,0,0
BRDA:14,758,1,0
BRDA:14,758,2,0
BRDA:14,759,0,0
BRDA:14,759,1,0
BRDA:14,760,0,0
BRDA:14,760,1,0
BRDA:14,761,0,0
BRDA:14,761,1,0
BRDA:14,762,0,0
BRDA:14,762,1,0
BRDA:14,762,2,0
BRDA:14,763,0,0
BRDA:14,763,1,0
BRDA:14,764,0,0
BRDA:14,764,1,0
BRDA:14,765,0,0
BRDA:14,765,1,0
BRDA:14,766,0,0
BRDA:14,766,1,0
BRDA:14,767,0,0
BRDA:14,767,1,0
BRDA:14,768,0,0
BRDA:14,768,1,0
BRDA:14,769,0,0
BRDA:14,769,1,0
BRDA:14,770,0,0
BRDA:14,770,1,0
BRDA:14,771,0,0
BRDA:14,771,1,0
BRDA:14,772,0,0
BRDA:14,772,1,0
BRDA:14,772,2,0
BRDA:14,773,0,0
BRDA:14,773,1,0
BRDA:14,774,0,0
BRDA:14,774,1,0
BRDA:14,775,0,0
BRDA:14,775,1,0
BRDA:14,776,0,0
BRDA:14,776,1,0
BRDA:14,777,0,0
BRDA:14,777,1,0
BRDA:14,778,0,0
BRDA:14,778,1,0
BRDA:14,778,2,0
BRDA:14,778,3,0
BRDA:14,779,0,0
BRDA:14,779,1,0
BRDA:14,780,0,0
BRDA:14,780,1,0
BRDA:14,781,0,0
BRDA:14,781,1,0
BRDA:14,782,0,0
BRDA:14,782,1,0
BRDA:14,783,0,0
BRDA:14,783,1,0
BRDA:14,784,0,0
BRDA:14,784,1,0
BRDA:14,785,0,0
BRDA:14,785,1,0
BRDA:14,786,0,0
BRDA:14,786,1,0
BRDA:14,787,0,0
BRDA:14,787,1,0
BRDA:14,788,0,0
BRDA:14,788,1,0
BRDA:14,789,0,0
BRDA:14,789,1,0
BRDA:14,790,0,0
BRDA:14,790,1,0
BRDA:14,791,0,0
BRDA:14,791,1,0
BRDA:14,792,0,0
BRDA:14,792,1,0
BRDA:14,793,0,0
BRDA:14,793,1,0
BRDA:14,794,0,0
BRDA:14,794,1,0
BRDA:14,794,2,0
BRDA:14,794,3,0
BRDA:14,794,4,0
BRDA:14,795,0,0
BRDA:14,795,1,0
BRDA:14,796,0,0
BRDA:14,796,1,0
BRDA:14,797,0,0
BRDA:14,797,1,0
BRDA:14,798,0,0
BRDA:14,798,1,0
BRDA:14,799,0,0
BRDA:14,799,1,0
BRDA:14,800,0,0
BRDA:14,800,1,0
BRDA:14,801,0,0
BRDA:14,801,1,0
BRDA:14,801,2,0
BRDA:14,802,0,0
BRDA:14,802,1,0
BRDA:14,803,0,0
BRDA:14,803,1,0
BRDA:14,804,0,0
BRDA:14,804,1,0
BRDA:14,805,0,0
BRDA:14,805,1,0
BRDA:14,806,0,0
BRDA:14,806,1,0
BRDA:14,807,0,0
BRDA:14,807,1,0
BRDA:14,807,2,0
BRDA:14,807,3,0
BRDA:14,808,0,0
BRDA:14,808,1,0
BRDA:14,809,0,0
BRDA:14,809,1,0
BRDA:14,810,0,0
BRDA:14,810,1,0
BRDA:14,811,0,0
BRDA:14,811,1,0
BRDA:14,812,0,0
BRDA:14,812,1,0
BRDA:14,813,0,0
BRDA:14,813,1,0
BRDA:14,814,0,0
BRDA:14,814,1,0
BRDA:14,815,0,0
BRDA:14,815,1,0
BRDA:14,816,0,0
BRDA:14,816,1,0
BRDA:14,817,0,0
BRDA:14,817,1,0
BRDA:14,818,0,0
BRDA:14,818,1,0
BRDA:14,819,0,0
BRDA:14,819,1,0
BRDA:14,820,0,0
BRDA:14,820,1,0
BRDA:14,821,0,0
BRDA:14,821,1,0
BRDA:14,821,2,0
BRDA:14,822,0,0
BRDA:14,822,1,0
BRDA:14,823,0,0
BRDA:14,823,1,0
BRDA:14,824,0,0
BRDA:14,824,1,0
BRDA:14,825,0,0
BRDA:14,825,1,0
BRDA:14,826,0,0
BRDA:14,826,1,0
BRDA:14,827,0,0
BRDA:14,827,1,0
BRDA:14,827,2,0
BRDA:14,827,3,0
BRDA:14,828,0,0
BRDA:14,828,1,0
BRDA:14,829,0,0
BRDA:14,829,1,0
BRDA:14,830,0,0
BRDA:14,830,1,0
BRDA:14,831,0,0
BRDA:14,831,1,0
BRDA:14,832,0,0
BRDA:14,832,1,0
BRDA:14,833,0,0
BRDA:14,833,1,0
BRDA:14,834,0,0
BRDA:14,834,1,0
BRDA:14,835,0,0
BRDA:14,835,1,0
BRDA:14,836,0,0
BRDA:14,836,1,0
BRDA:14,837,0,0
BRDA:14,837,1,0
BRDA:14,838,0,0
BRDA:14,838,1,0
BRDA:14,839,0,0
BRDA:14,839,1,0
BRDA:14,840,0,0
BRDA:14,840,1,0
BRDA:14,841,0,0
BRDA:14,841,1,0
BRDA:14,842,0,0
BRDA:14,842,1,0
BRDA:14,843,0,0
BRDA:14,843,1,0
BRDA:14,844,0,0
BRDA:14,844,1,0
BRDA:14,845,0,0
BRDA:14,845,1,0
BRDA:14,846,0,0
BRDA:14,846,1,0
BRDA:14,847,0,0
BRDA:14,847,1,0
BRDA:14,848,0,0
BRDA:14,848,1,0
BRDA:14,849,0,0
BRDA:14,849,1,0
BRDA:14,850,0,0
BRDA:14,850,1,0
BRDA:14,851,0,0
BRDA:14,851,1,0
BRDA:14,852,0,0
BRDA:14,852,1,0
BRDA:14,853,0,0
BRDA:14,853,1,0
BRDA:14,854,0,0
BRDA:14,854,1,0
BRDA:14,855,0,0
BRDA:14,855,1,0
BRDA:14,856,0,0
BRDA:14,856,1,0
BRDA:14,857,0,0
BRDA:14,857,1,0
BRDA:14,858,0,0
BRDA:14,858,1,0
BRDA:14,859,0,0
BRDA:14,859,1,0
BRDA:14,860,0,0
BRDA:14,860,1,0
BRDA:14,861,0,0
BRDA:14,861,1,0
BRDA:14,862,0,0
BRDA:14,862,1,0
BRDA:14,863,0,0
BRDA:14,863,1,0
BRDA:14,864,0,0
BRDA:14,864,1,0
BRDA:14,865,0,0
BRDA:14,865,1,0
BRDA:14,866,0,0
BRDA:14,866,1,0
BRDA:14,867,0,0
BRDA:14,867,1,0
BRDA:14,868,0,0
BRDA:14,868,1,0
BRDA:14,869,0,0
BRDA:14,869,1,0
BRDA:14,869,2,0
BRDA:14,869,3,0
BRDA:14,870,0,0
BRDA:14,870,1,0
BRDA:14,871,0,0
BRDA:14,871,1,0
BRDA:14,872,0,0
BRDA:14,872,1,0
BRDA:14,873,0,0
BRDA:14,873,1,0
BRDA:14,874,0,0
BRDA:14,874,1,0
BRDA:14,875,0,0
BRDA:14,875,1,0
BRDA:14,876,0,0
BRDA:14,876,1,0
BRDA:14,876,2,0
BRDA:14,877,0,0
BRDA:14,877,1,0
BRDA:14,878,0,0
BRDA:14,878,1,0
BRDA:14,879,0,0
BRDA:14,879,1,0
BRDA:14,880,0,0
BRDA:14,880,1,0
BRDA:14,881,0,0
BRDA:14,881,1,0
BRDA:14,882,0,0
BRDA:14,882,1,0
BRDA:14,883,0,0
BRDA:14,883,1,0
BRDA:14,884,0,0
BRDA:14,884,1,0
BRDA:14,885,0,0
BRDA:14,885,1,0
BRDA:14,886,0,0
BRDA:14,886,1,0
BRDA:14,886,2,0
BRDA:14,886,3,0
BRDA:14,887,0,0
BRDA:14,887,1,0
BRDA:14,888,0,0
BRDA:14,888,1,0
BRDA:14,889,0,0
BRDA:14,889,1,0
BRDA:14,890,0,0
BRDA:14,890,1,0
BRDA:14,891,0,0
BRDA:14,891,1,0
BRDA:14,892,0,0
BRDA:14,892,1,0
BRDA:14,893,0,0
BRDA:14,893,1,0
BRDA:14,893,2,0
BRDA:14,894,0,0
BRDA:14,894,1,0
BRDA:14,895,0,0
BRDA:14,895,1,0
BRDA:14,896,0,0
BRDA:14,896,1,0
BRDA:14,897,0,0
BRDA:14,897,1,0
BRDA:14,897,2,0
BRDA:14,897,3,0
BRDA:14,898,0,0
BRDA:14,898,1,0
BRDA:14,899,0,0
BRDA:14,899,1,0
BRDA:14,900,0,0
BRDA:14,900,1,0
BRDA:14,901,0,0
BRDA:14,901,1,0
BRDA:14,902,0,0
BRDA:14,902,1,0
BRDA:14,903,0,0
BRDA:14,903,1,0
BRDA:14,904,0,0
BRDA:14,904,1,0
BRDA:14,905,0,0
BRDA:14,905,1,0
BRDA:14,906,0,0
BRDA:14,906,1,0
BRDA:14,907,0,0
BRDA:14,907,1,0
BRDA:14,908,0,0
BRDA:14,908,1,0
BRDA:14,909,0,0
BRDA:14,909,1,0
BRDA:14,909,2,0
BRDA:14,910,0,0
BRDA:14,910,1,0
BRDA:14,911,0,0
BRDA:14,911,1,0
BRDA:14,912,0,0
BRDA:14,912,1,0
BRDA:14,913,0,0
BRDA:14,913,1,0
BRDA:14,914,0,0
BRDA:14,914,1,0
BRDA:14,915,0,0
BRDA:14,915,1,0
BRDA:14,916,0,0
BRDA:14,916,1,0
BRDA:14,917,0,0
BRDA:14,917,1,0
BRDA:14,918,0,0
BRDA:14,918,1,0
BRDA:14,919,0,0
BRDA:14,919,1,0
BRDA:14,920,0,0
BRDA:14,920,1,0
BRDA:14,921,0,0
BRDA:14,921,1,0
BRDA:14,921,2,0
BRDA:14,922,0,0
BRDA:14,922,1,0
BRDA:14,923,0,0
BRDA:14,923,1,0
BRDA:14,923,2,0
BRDA:14,924,0,0
BRDA:14,924,1,0
BRDA:14,925,0,0
BRDA:14,925,1,0
BRDA:14,926,0,0
BRDA:14,926,1,0
BRDA:14,927,0,0
BRDA:14,927,1,0
BRDA:14,928,0,0
BRDA:14,928,1,0
BRDA:14,929,0,0
BRDA:14,929,1,0
BRDA:14,930,0,0
BRDA:14,930,1,0
BRDA:14,931,0,0
BRDA:14,931,1,0
BRDA:14,932,0,0
BRDA:14,932,1,0
BRDA:14,933,0,0
BRDA:14,933,1,0
BRDA:14,934,0,0
BRDA:14,934,1,0
BRDA:14,935,0,0
BRDA:14,935,1,0
BRDA:14,935,2,0
BRDA:14,936,0,0
BRDA:14,936,1,0
BRDA:14,937,0,0
BRDA:14,937,1,0
BRDA:14,938,0,0
BRDA:14,938,1,0
BRDA:14,939,0,0
BRDA:14,939,1,0
BRDA:14,939,2,0
BRDA:14,939,3,0
BRDA:14,940,0,0
BRDA:14,940,1,0
BRDA:14,941,0,0
BRDA:14,941,1,0
BRDA:14,942,0,0
BRDA:14,942,1,0
BRDA:14,943,0,0
BRDA:14,943,1,0
BRDA:14,944,0,0
BRDA:14,944,1,0
BRDA:14,944,2,0
BRDA:14,944,3,0
BRDA:14,945,0,0
BRDA:14,945,1,0
BRDA:14,946,0,0
BRDA:14,946,1,0
BRDA:14,947,0,0
BRDA:14,947,1,0
BRDA:14,948,0,0
BRDA:14,948,1,0
BRDA:14,949,0,0
BRDA:14,949,1,0
BRDA:14,950,0,0
BRDA:14,950,1,0
BRDA:14,950,2,0
BRDA:14,950,3,0
BRDA:14,951,0,0
BRDA:14,951,1,0
BRDA:14,951,2,0
BRDA:14,951,3,0
BRDA:14,951,4,0
BRDA:14,952,0,0
BRDA:14,952,1,0
BRDA:14,953,0,0
BRDA:14,953,1,0
BRDA:14,954,0,0
BRDA:14,954,1,0
BRDA:14,955,0,0
BRDA:14,955,1,0
BRDA:14,956,0,0
BRDA:14,956,1,0
BRDA:14,957,0,0
BRDA:14,957,1,0
BRDA:14,958,0,0
BRDA:14,958,1,0
BRDA:14,959,0,0
BRDA:14,959,1,0
BRDA:14,960,0,0
BRDA:14,960,1,0
BRDA:14,961,0,0
BRDA:14,961,1,0
BRDA:14,961,2,0
BRDA:14,961,3,0
BRDA:14,961,4,0
BRDA:14,961,5,0
BRDA:14,962,0,0
BRDA:14,962,1,0
BRDA:14,963,0,0
BRDA:14,963,1,0
BRDA:14,964,0,0
BRDA:14,964,1,0
BRDA:14,964,2,0
BRDA:14,964,3,0
BRDA:14,965,0,0
BRDA:14,965,1,0
BRDA:14,966,0,0
BRDA:14,966,1,0
BRDA:14,967,0,0
BRDA:14,967,1,0
BRDA:14,968,0,0
BRDA:14,968,1,0
BRDA:14,968,2,0
BRDA:14,968,3,0
BRDA:14,969,0,0
BRDA:14,969,1,0
BRDA:14,970,0,0
BRDA:14,970,1,0
BRDA:14,971,0,0
BRDA:14,971,1,0
BRDA:14,972,0,0
BRDA:14,972,1,0
BRDA:14,973,0,0
BRDA:14,973,1,0
BRDA:14,974,0,0
BRDA:14,974,1,0
BRDA:14,975,0,0
BRDA:14,975,1,0
BRDA:14,976,0,0
BRDA:14,976,1,0
BRDA:14,977,0,0
BRDA:14,977,1,0
BRDA:14,978,0,0
BRDA:14,978,1,0
BRDA:14,978,2,0
BRDA:14,978,3,0
BRDA:14,978,4,0
BRDA:14,978,5,0
BRDA:14,979,0,0
BRDA:14,979,1,0
BRDA:14,980,0,0
BRDA:14,980,1,0
BRDA:14,981,0,0
BRDA:14,981,1,0
BRDA:14,982,0,0
BRDA:14,982,1,0
BRDA:14,982,2,0
BRDA:14,982,3,0
BRDA:14,983,0,0
BRDA:14,983,1,0
BRDA:14,984,0,0
BRDA:14,984,1,0
BRDA:14,985,0,0
BRDA:14,985,1,0
BRDA:14,986,0,0
BRDA:14,986,1,0
BRDA:14,986,2,0
BRDA:14,986,3,0
BRDA:14,987,0,0
BRDA:14,987,1,0
BRDA:14,988,0,0
BRDA:14,988,1,0
BRDA:14,989,0,0
BRDA:14,989,1,0
BRDA:14,990,0,0
BRDA:14,990,1,0
BRDA:14,991,0,0
BRDA:14,991,1,0
BRDA:14,991,2,0
BRDA:14,991,3,0
BRDA:14,992,0,0
BRDA:14,992,1,0
BRDA:14,992,2,0
BRDA:14,992,3,0
BRDA:14,993,0,0
BRDA:14,993,1,0
BRDA:14,993,2,0
BRDA:14,993,3,0
BRDA:14,994,0,0
BRDA:14,994,1,0
BRDA:14,994,2,0
BRDA:14,994,3,0
BRDA:14,995,0,0
BRDA:14,995,1,0
BRDA:14,996,0,0
BRDA:14,996,1,0
BRDA:14,997,0,0
BRDA:14,997,1,0
BRDA:14,998,0,0
BRDA:14,998,1,0
BRDA:14,999,0,0
BRDA:14,999,1,0
BRDA:14,1000,0,0
BRDA:14,1000,1,0
BRDA:14,1001,0,0
BRDA:14,1001,1,0
BRDA:14,1002,0,0
BRDA:14,1002,1,0
BRDA:14,1003,0,0
BRDA:14,1003,1,0
BRDA:14,1004,0,0
BRDA:14,1004,1,0
BRDA:14,1005,0,0
BRDA:14,1005,1,0
BRDA:14,1006,0,0
BRDA:14,1006,1,0
BRDA:14,1007,0,0
BRDA:14,1007,1,0
BRDA:14,1008,0,0
BRDA:14,1008,1,0
BRDA:14,1009,0,0
BRDA:14,1009,1,0
BRDA:14,1010,0,0
BRDA:14,1010,1,0
BRDA:14,1011,0,0
BRDA:14,1011,1,0
BRDA:14,1012,0,0
BRDA:14,1012,1,0
BRDA:14,1013,0,0
BRDA:14,1013,1,0
BRDA:14,1013,2,0
BRDA:14,1014,0,0
BRDA:14,1014,1,0
BRDA:14,1015,0,0
BRDA:14,1015,1,0
BRDA:14,1016,0,0
BRDA:14,1016,1,0
BRDA:14,1017,0,0
BRDA:14,1017,1,0
BRDA:14,1018,0,0
BRDA:14,1018,1,0
BRDA:14,1019,0,0
BRDA:14,1019,1,0
BRDA:14,1020,0,0
BRDA:14,1020,1,0
BRDA:14,1021,0,0
BRDA:14,1021,1,0
BRDA:14,1021,2,0
BRDA:14,1022,0,0
BRDA:14,1022,1,0
BRDA:14,1023,0,0
BRDA:14,1023,1,0
BRDA:14,1023,2,0
BRDA:14,1023,3,0
BRDA:14,1024,0,0
BRDA:14,1024,1,0
BRDA:14,1024,2,0
BRDA:14,1024,3,0
BRDA:14,1024,4,0
BRDA:14,1024,5,0
BRDA:14,1025,0,0
BRDA:14,1025,1,0
BRDA:14,1026,0,0
BRDA:14,1026,1,0
BRDA:14,1027,0,0
BRDA:14,1027,1,0
BRDA:14,1028,0,0
BRDA:14,1028,1,0
BRDA:14,1029,0,0
BRDA:14,1029,1,0
BRDA:14,1030,0,0
BRDA:14,1030,1,0
BRDA:14,1030,2,0
BRDA:14,1030,3,0
BRDA:14,1030,4,0
BRDA:14,1030,5,0
BRDA:14,1030,6,0
BRDA:14,1030,7,0
BRDA:14,1030,8,0
BRDA:14,1030,9,0
BRDA:14,1030,10,0
BRDA:14,1030,11,0
BRDA:14,1030,12,0
BRDA:14,1030,13,0
BRDA:14,1030,14,0
BRDA:14,1030,15,0
BRDA:14,1030,16,0
BRDA:14,1030,17,0
BRDA:14,1030,18,0
BRDA:14,1031,0,0
BRDA:14,1031,1,0
BRDA:14,1032,0,0
BRDA:14,1032,1,0
BRDA:14,1033,0,0
BRDA:14,1033,1,0
BRDA:14,1033,2,0
BRDA:14,1033,3,0
BRDA:14,1034,0,0
BRDA:14,1034,1,0
BRDA:14,1035,0,0
BRDA:14,1035,1,0
BRDA:14,1036,0,0
BRDA:14,1036,1,0
BRDA:14,1037,0,0
BRDA:14,1037,1,0
BRDA:14,1038,0,0
BRDA:14,1038,1,0
BRDA:14,1038,2,0
BRDA:14,1038,3,0
BRDA:14,1038,4,0
BRDA:14,1039,0,0
BRDA:14,1039,1,0
BRDA:14,1040,0,0
BRDA:14,1040,1,0
BRDA:14,1040,2,0
BRDA:14,1040,3,0
BRDA:14,1041,0,0
BRDA:14,1041,1,0
BRDA:14,1042,0,0
BRDA:14,1042,1,0
BRDA:14,1043,0,0
BRDA:14,1043,1,0
BRDA:14,1044,0,0
BRDA:14,1044,1,0
BRDA:14,1045,0,0
BRDA:14,1045,1,0
BRDA:14,1046,0,0
BRDA:14,1046,1,0
BRDA:14,1047,0,0
BRDA:14,1047,1,0
BRDA:14,1048,0,0
BRDA:14,1048,1,0
BRDA:14,1049,0,0
BRDA:14,1049,1,0
BRDA:14,1050,0,0
BRDA:14,1050,1,0
BRDA:14,1051,0,0
BRDA:14,1051,1,0
BRDA:14,1052,0,0
BRDA:14,1052,1,0
BRDA:14,1053,0,0
BRDA:14,1053,1,0
BRDA:14,1054,0,0
BRDA:14,1054,1,0
BRDA:14,1054,2,0
BRDA:14,1055,0,0
BRDA:14,1055,1,0
BRDA:14,1056,0,0
BRDA:14,1056,1,0
BRDA:14,1057,0,0
BRDA:14,1057,1,0
BRDA:14,1058,0,0
BRDA:14,1058,1,0
BRDA:14,1059,0,0
BRDA:14,1059,1,0
BRDA:14,1059,2,0
BRDA:14,1060,0,0
BRDA:14,1060,1,0
BRDA:14,1061,0,0
BRDA:14,1061,1,0
BRDA:14,1061,2,0
BRDA:14,1062,0,0
BRDA:14,1062,1,0
BRDA:14,1063,0,0
BRDA:14,1063,1,0
BRDA:14,1064,0,0
BRDA:14,1064,1,0
BRDA:14,1065,0,0
BRDA:14,1065,1,0
BRDA:14,1066,0,0
BRDA:14,1066,1,0
BRDA:14,1067,0,0
BRDA:14,1067,1,0
BRDA:14,1068,0,0
BRDA:14,1068,1,0
BRDA:14,1068,2,0
BRDA:14,1068,3,0
BRDA:14,1068,4,0
BRDA:14,1069,0,0
BRDA:14,1069,1,0
BRDA:14,1070,0,0
BRDA:14,1070,1,0
BRDA:14,1071,0,0
BRDA:14,1071,1,0
BRDA:14,1072,0,0
BRDA:14,1072,1,0
BRDA:14,1073,0,0
BRDA:14,1073,1,0
BRDA:14,1074,0,0
BRDA:14,1074,1,0
BRDA:14,1075,0,0
BRDA:14,1075,1,0
BRDA:14,1076,0,0
BRDA:14,1076,1,0
BRDA:14,1077,0,0
BRDA:14,1077,1,0
BRDA:14,1077,2,0
BRDA:14,1078,0,0
BRDA:14,1078,1,0
BRDA:14,1079,0,0
BRDA:14,1079,1,0
BRDA:14,1079,2,0
BRDA:14,1080,0,0
BRDA:14,1080,1,0
BRDA:14,1081,0,0
BRDA:14,1081,1,0
BRDA:14,1082,0,0
BRDA:14,1082,1,0
BRDA:14,1083,0,0
BRDA:14,1083,1,0
BRDA:14,1084,0,0
BRDA:14,1084,1,0
BRDA:14,1085,0,0
BRDA:14,1085,1,0
BRDA:14,1086,0,0
BRDA:14,1086,1,0
BRDA:14,1087,0,0
BRDA:14,1087,1,0
BRDA:14,1088,0,0
BRDA:14,1088,1,0
BRDA:14,1089,0,0
BRDA:14,1089,1,0
BRDA:14,1090,0,0
BRDA:14,1090,1,0
BRDA:14,1090,2,0
BRDA:14,1091,0,0
BRDA:14,1091,1,0
BRDA:14,1092,0,0
BRDA:14,1092,1,0
BRDA:14,1092,2,0
BRDA:14,1093,0,0
BRDA:14,1093,1,0
BRDA:14,1094,0,0
BRDA:14,1094,1,0
BRDA:14,1095,0,0
BRDA:14,1095,1,0
BRDA:14,1095,2,0
BRDA:14,1095,3,0
BRDA:14,1095,4,0
BRDA:14,1095,5,0
BRDA:14,1095,6,0
BRDA:14,1096,0,0
BRDA:14,1096,1,0
BRDA:14,1097,0,0
BRDA:14,1097,1,0
BRDA:14,1098,0,0
BRDA:14,1098,1,0
BRDA:14,1099,0,0
BRDA:14,1099,1,0
BRDA:14,1100,0,0
BRDA:14,1100,1,0
BRDA:14,1101,0,0
BRDA:14,1101,1,0
BRDA:14,1101,2,0
BRDA:14,1102,0,0
BRDA:14,1102,1,0
BRDA:14,1103,0,0
BRDA:14,1103,1,0
BRDA:14,1103,2,0
BRDA:14,1103,3,0
BRDA:14,1104,0,0
BRDA:14,1104,1,0
BRDA:14,1105,0,0
BRDA:14,1105,1,0
BRDA:14,1106,0,0
BRDA:14,1106,1,0
BRDA:14,1107,0,0
BRDA:14,1107,1,0
BRDA:14,1108,0,0
BRDA:14,1108,1,0
BRDA:14,1109,0,0
BRDA:14,1109,1,0
BRDA:14,1110,0,0
BRDA:14,1110,1,0
BRDA:14,1111,0,0
BRDA:14,1111,1,0
BRDA:14,1112,0,0
BRDA:14,1112,1,0
BRDA:14,1113,0,0
BRDA:14,1113,1,0
BRDA:14,1114,0,0
BRDA:14,1114,1,0
BRDA:14,1115,0,0
BRDA:14,1115,1,0
BRDA:14,1116,0,0
BRDA:14,1116,1,0
BRDA:14,1117,0,0
BRDA:14,1117,1,0
BRDA:14,1118,0,0
BRDA:14,1118,1,0
BRDA:14,1119,0,0
BRDA:14,1119,1,0
BRDA:14,1119,2,0
BRDA:14,1120,0,0
BRDA:14,1120,1,0
BRDA:14,1121,0,0
BRDA:14,1121,1,0
BRDA:14,1122,0,0
BRDA:14,1122,1,0
BRDA:14,1123,0,0
BRDA:14,1123,1,0
BRDA:14,1124,0,0
BRDA:14,1124,1,0
BRDA:14,1125,0,0
BRDA:14,1125,1,0
BRDA:14,1126,0,0
BRDA:14,1126,1,0
BRDA:14,1126,2,0
BRDA:14,1127,0,0
BRDA:14,1127,1,0
BRDA:14,1128,0,0
BRDA:14,1128,1,0
BRDA:14,1129,0,0
BRDA:14,1129,1,0
BRDA:14,1130,0,0
BRDA:14,1130,1,0
BRDA:14,1131,0,0
BRDA:14,1131,1,0
BRDA:14,1132,0,0
BRDA:14,1132,1,0
BRDA:14,1133,0,0
BRDA:14,1133,1,0
BRDA:14,1134,0,0
BRDA:14,1134,1,0
BRDA:14,1135,0,0
BRDA:14,1135,1,0
BRDA:14,1136,0,0
BRDA:14,1136,1,0
BRDA:14,1137,0,0
BRDA:14,1137,1,0
BRDA:14,1138,0,0
BRDA:14,1138,1,0
BRDA:14,1139,0,0
BRDA:14,1139,1,0
BRDA:14,1140,0,0
BRDA:14,1140,1,0
BRDA:14,1141,0,0
BRDA:14,1141,1,0
BRDA:14,1142,0,0
BRDA:14,1142,1,0
BRDA:14,1143,0,0
BRDA:14,1143,1,0
BRDA:14,1143,2,0
BRDA:14,1143,3,0
BRDA:14,1143,4,0
BRDA:14,1143,5,0
BRDA:14,1143,6,0
BRDA:14,1143,7,0
BRDA:14,1143,8,0
BRDA:14,1143,9,0
BRDA:14,1143,10,0
BRDA:14,1143,11,0
BRDA:14,1144,0,0
BRDA:14,1144,1,0
BRDA:14,1145,0,0
BRDA:14,1145,1,0
BRDA:14,1146,0,0
BRDA:14,1146,1,0
BRDA:14,1147,0,0
BRDA:14,1147,1,0
BRDA:14,1147,2,0
BRDA:14,1147,3,0
BRDA:14,1148,0,0
BRDA:14,1148,1,0
BRDA:14,1149,0,0
BRDA:14,1149,1,0
BRDA:14,1150,0,0
BRDA:14,1150,1,0
BRDA:14,1151,0,0
BRDA:14,1151,1,0
BRDA:14,1151,2,0
BRDA:14,1152,0,0
BRDA:14,1152,1,0
BRDA:14,1153,0,0
BRDA:14,1153,1,0
BRDA:14,1154,0,0
BRDA:14,1154,1,0
BRDA:14,1155,0,0
BRDA:14,1155,1,0
BRDA:14,1156,0,0
BRDA:14,1156,1,0
BRDA:14,1157,0,0
BRDA:14,1157,1,0
BRDA:14,1158,0,0
BRDA:14,1158,1,0
BRDA:14,1159,0,0
BRDA:14,1159,1,0
BRDA:14,1160,0,0
BRDA:14,1160,1,0
BRDA:14,1161,0,0
BRDA:14,1161,1,0
BRDA:14,1162,0,0
BRDA:14,1162,1,0
BRDA:14,1163,0,0
BRDA:14,1163,1,0
BRDA:14,1164,0,0
BRDA:14,1164,1,0
BRDA:14,1165,0,0
BRDA:14,1165,1,0
BRDA:14,1166,0,0
BRDA:14,1166,1,0
BRDA:14,1167,0,0
BRDA:14,1167,1,0
BRDA:14,1168,0,0
BRDA:14,1168,1,0
BRDA:14,1169,0,0
BRDA:14,1169,1,0
BRDA:14,1170,0,0
BRDA:14,1170,1,0
BRDA:14,1171,0,0
BRDA:14,1171,1,0
BRDA:14,1172,0,0
BRDA:14,1172,1,0
BRDA:14,1173,0,0
BRDA:14,1173,1,0
BRDA:14,1173,2,0
BRDA:14,1174,0,0
BRDA:14,1174,1,0
BRDA:14,1175,0,0
BRDA:14,1175,1,0
BRDA:14,1176,0,0
BRDA:14,1176,1,0
BRDA:14,1177,0,0
BRDA:14,1177,1,0
BRDA:14,1177,2,0
BRDA:14,1177,3,0
BRDA:14,1177,4,0
BRDA:14,1177,5,0
BRDA:14,1177,6,0
BRDA:14,1178,0,0
BRDA:14,1178,1,0
BRDA:14,1179,0,0
BRDA:14,1179,1,0
BRDA:14,1180,0,0
BRDA:14,1180,1,0
BRDA:14,1181,0,0
BRDA:14,1181,1,0
BRDA:14,1182,0,0
BRDA:14,1182,1,0
BRDA:14,1183,0,0
BRDA:14,1183,1,0
BRDA:14,1184,0,0
BRDA:14,1184,1,0
BRDA:14,1185,0,0
BRDA:14,1185,1,0
BRDA:14,1186,0,0
BRDA:14,1186,1,0
BRDA:14,1187,0,0
BRDA:14,1187,1,0
BRDA:14,1188,0,0
BRDA:14,1188,1,0
BRDA:14,1189,0,0
BRDA:14,1189,1,0
BRDA:14,1190,0,0
BRDA:14,1190,1,0
BRDA:14,1190,2,0
BRDA:14,1190,3,0
BRDA:14,1190,4,0
BRDA:14,1191,0,0
BRDA:14,1191,1,0
BRDA:14,1191,2,0
BRDA:14,1192,0,0
BRDA:14,1192,1,0
BRDA:14,1193,0,0
BRDA:14,1193,1,0
BRDA:14,1193,2,0
BRDA:14,1194,0,0
BRDA:14,1194,1,0
BRDA:14,1195,0,0
BRDA:14,1195,1,0
BRDA:14,1196,0,0
BRDA:14,1196,1,0
BRDA:14,1197,0,0
BRDA:14,1197,1,0
BRDA:14,1197,2,0
BRDA:14,1197,3,0
BRDA:14,1197,4,0
BRDA:14,1197,5,0
BRDA:14,1198,0,0
BRDA:14,1198,1,0
BRDA:14,1199,0,0
BRDA:14,1199,1,0
BRDA:14,1200,0,0
BRDA:14,1200,1,0
BRDA:14,1201,0,0
BRDA:14,1201,1,0
BRDA:14,1202,0,0
BRDA:14,1202,1,0
BRDA:14,1203,0,0
BRDA:14,1203,1,0
BRDA:14,1203,2,0
BRDA:14,1203,3,0
BRDA:14,1204,0,0
BRDA:14,1204,1,0
BRDA:14,1205,0,0
BRDA:14,1205,1,0
BRDA:14,1206,0,0
BRDA:14,1206,1,0
BRDA:14,1206,2,0
BRDA:14,1206,3,0
BRDA:14,1207,0,0
BRDA:14,1207,1,0
BRDA:14,1208,0,0
BRDA:14,1208,1,0
BRDA:14,1208,2,0
BRDA:14,1209,0,0
BRDA:14,1209,1,0
BRDA:14,1210,0,0
BRDA:14,1210,1,0
BRDA:14,1211,0,0
BRDA:14,1211,1,0
BRDA:14,1212,0,0
BRDA:14,1212,1,0
BRDA:14,1213,0,0
BRDA:14,1213,1,0
BRDA:14,1214,0,0
BRDA:14,1214,1,0
BRDA:14,1215,0,0
BRDA:14,1215,1,0
BRDA:14,1215,2,0
BRDA:14,1216,0,0
BRDA:14,1216,1,0
BRDA:14,1217,0,0
BRDA:14,1217,1,0
BRDA:14,1218,0,0
BRDA:14,1218,1,0
BRDA:14,1218,2,0
BRDA:14,1218,3,0
BRDA:14,1219,0,0
BRDA:14,1219,1,0
BRDA:14,1220,0,0
BRDA:14,1220,1,0
BRDA:14,1220,2,0
BRDA:14,1221,0,0
BRDA:14,1221,1,0
BRDA:14,1222,0,0
BRDA:14,1222,1,0
BRDA:14,1223,0,0
BRDA:14,1223,1,0
BRDA:14,1223,2,0
BRDA:14,1224,0,0
BRDA:14,1224,1,0
BRDA:14,1225,0,0
BRDA:14,1225,1,0
BRDA:14,1226,0,0
BRDA:14,1226,1,0
BRDA:14,1227,0,0
BRDA:14,1227,1,0
BRDA:14,1228,0,0
BRDA:14,1228,1,0
BRDA:14,1229,0,0
BRDA:14,1229,1,0
BRDA:14,1230,0,0
BRDA:14,1230,1,0
BRDA:14,1230,2,0
BRDA:14,1230,3,0
BRDA:14,1230,4,0
BRDA:14,1231,0,0
BRDA:14,1231,1,0
BRDA:14,1232,0,0
BRDA:14,1232,1,0
BRDA:14,1233,0,0
BRDA:14,1233,1,0
BRDA:14,1234,0,0
BRDA:14,1234,1,0
BRDA:14,1234,2,0
BRDA:14,1234,3,0
BRDA:14,1234,4,0
BRDA:14,1234,5,0
BRDA:14,1234,6,0
BRDA:14,1234,7,0
BRDA:14,1234,8,0
BRDA:14,1234,9,0
BRDA:14,1234,10,0
BRDA:14,1234,11,0
BRDA:14,1234,12,0
BRDA:14,1234,13,0
BRDA:14,1234,14,0
BRDA:14,1234,15,0
BRDA:14,1234,16,0
BRDA:14,1234,17,0
BRDA:14,1234,18,0
BRDA:14,1235,0,0
BRDA:14,1235,1,0
BRDA:14,1236,0,0
BRDA:14,1236,1,0
BRDA:14,1237,0,0
BRDA:14,1237,1,0
BRDA:14,1237,2,0
BRDA:14,1238,0,0
BRDA:14,1238,1,0
BRDA:14,1239,0,0
BRDA:14,1239,1,0
BRDA:14,1240,0,0
BRDA:14,1240,1,0
BRDA:14,1241,0,0
BRDA:14,1241,1,0
BRDA:14,1242,0,0
BRDA:14,1242,1,0
BRDA:14,1243,0,0
BRDA:14,1243,1,0
BRDA:14,1243,2,0
BRDA:14,1243,3,0
BRDA:14,1243,4,0
BRDA:14,1243,5,0
BRDA:14,1243,6,0
BRDA:14,1243,7,0
BRDA:14,1243,8,0
BRDA:14,1243,9,0
BRDA:14,1243,10,0
BRDA:14,1243,11,0
BRDA:14,1243,12,0
BRDA:14,1244,0,0
BRDA:14,1244,1,0
BRDA:14,1245,0,0
BRDA:14,1245,1,0
BRDA:14,1246,0,0
BRDA:14,1246,1,0
BRDA:14,1247,0,0
BRDA:14,1247,1,0
BRDA:14,1248,0,0
BRDA:14,1248,1,0
BRDA:14,1248,2,0
BRDA:14,1249,0,0
BRDA:14,1249,1,0
BRDA:14,1249,2,0
BRDA:14,1250,0,0
BRDA:14,1250,1,0
BRDA:14,1250,2,0
BRDA:14,1250,3,0
BRDA:14,1250,4,0
BRDA:14,1251,0,0
BRDA:14,1251,1,0
BRDA:14,1252,0,0
BRDA:14,1252,1,0
BRDA:14,1253,0,0
BRDA:14,1253,1,0
BRDA:14,1254,0,0
BRDA:14,1254,1,0
BRDA:14,1255,0,0
BRDA:14,1255,1,0
BRDA:14,1256,0,0
BRDA:14,1256,1,0
BRDA:14,1257,0,0
BRDA:14,1257,1,0
BRDA:14,1258,0,0
BRDA:14,1258,1,0
BRDA:14,1258,2,0
BRDA:14,1259,0,0
BRDA:14,1259,1,0
BRDA:14,1259,2,0
BRDA:14,1259,3,0
BRDA:14,1259,4,0
BRDA:14,1259,5,0
BRDA:14,1259,6,0
BRDA:14,1259,7,0
BRDA:14,1259,8,0
BRDA:14,1259,9,0
BRDA:14,1259,10,0
BRDA:14,1259,11,0
BRDA:14,1259,12,0
BRDA:14,1259,13,0
BRDA:14,1259,14,0
BRDA:14,1260,0,0
BRDA:14,1260,1,0
BRDA:14,1261,0,0
BRDA:14,1261,1,0
BRDA:14,1262,0,0
BRDA:14,1262,1,0
BRDA:14,1263,0,0
BRDA:14,1263,1,0
BRDA:14,1264,0,0
BRDA:14,1264,1,0
BRDA:14,1265,0,0
BRDA:14,1265,1,0
BRDA:14,1266,0,0
BRDA:14,1266,1,0
BRDA:14,1267,0,0
BRDA:14,1267,1,0
BRDA:14,1267,2,0
BRDA:14,1268,0,0
BRDA:14,1268,1,0
BRDA:14,1269,0,0
BRDA:14,1269,1,0
BRDA:14,1269,2,0
BRDA:14,1269,3,0
BRDA:14,1270,0,0
BRDA:14,1270,1,0
BRDA:14,1271,0,0
BRDA:14,1271,1,0
BRDA:14,1272,0,0
BRDA:14,1272,1,0
BRDA:14,1273,0,0
BRDA:14,1273,1,0
BRDA:14,1273,2,0
BRDA:14,1273,3,0
BRDA:14,1273,4,0
BRDA:14,1274,0,0
BRDA:14,1274,1,0
BRDA:14,1275,0,0
BRDA:14,1275,1,0
BRDA:14,1276,0,0
BRDA:14,1276,1,0
BRDA:14,1277,0,0
BRDA:14,1277,1,0
BRDA:14,1278,0,0
BRDA:14,1278,1,0
BRDA:14,1279,0,0
BRDA:14,1279,1,0
BRDA:14,1280,0,0
BRDA:14,1280,1,0
BRDA:14,1281,0,0
BRDA:14,1281,1,0
BRDA:14,1282,0,0
BRDA:14,1282,1,0
BRDA:14,1283,0,0
BRDA:14,1283,1,0
BRDA:14,1283,2,0
BRDA:14,1284,0,0
BRDA:14,1284,1,0
BRDA:14,1285,0,0
BRDA:14,1285,1,0
BRDA:14,1286,0,0
BRDA:14,1286,1,0
BRDA:14,1287,0,0
BRDA:14,1287,1,0
BRDA:14,1288,0,0
BRDA:14,1288,1,0
BRDA:14,1289,0,0
BRDA:14,1289,1,0
BRDA:14,1289,2,0
BRDA:14,1289,3,0
BRDA:14,1289,4,0
BRDA:14,1290,0,0
BRDA:14,1290,1,0
BRDA:14,1291,0,0
BRDA:14,1291,1,0
BRDA:14,1291,2,0
BRDA:14,1291,3,0
BRDA:14,1292,0,0
BRDA:14,1292,1,0
BRDA:14,1293,0,0
BRDA:14,1293,1,0
BRDA:14,1294,0,0
BRDA:14,1294,1,0
BRDA:14,1295,0,0
BRDA:14,1295,1,0
BRDA:14,1296,0,0
BRDA:14,1296,1,0
BRDA:14,1297,0,0
BRDA:14,1297,1,0
BRDA:14,1298,0,0
BRDA:14,1298,1,0
BRDA:14,1298,2,0
BRDA:14,1299,0,0
BRDA:14,1299,1,0
BRDA:14,1300,0,0
BRDA:14,1300,1,0
BRDA:14,1301,0,0
BRDA:14,1301,1,0
BRDA:14,1302,0,0
BRDA:14,1302,1,0
BRDA:14,1303,0,0
BRDA:14,1303,1,0
BRDA:14,1304,0,0
BRDA:14,1304,1,0
BRDA:14,1305,0,0
BRDA:14,1305,1,0
BRDA:14,1306,0,0
BRDA:14,1306,1,0
BRDA:14,1307,0,0
BRDA:14,1307,1,0
BRDA:14,1308,0,0
BRDA:14,1308,1,0
BRDA:14,1309,0,0
BRDA:14,1309,1,0
BRDA:14,1310,0,0
BRDA:14,1310,1,0
BRDA:14,1310,2,0
BRDA:14,1310,3,0
BRDA:14,1311,0,0
BRDA:14,1311,1,0
BRDA:14,1312,0,0
BRDA:14,1312,1,0
BRDA:14,1313,0,0
BRDA:14,1313,1,0
BRDA:14,1314,0,0
BRDA:14,1314,1,0
BRDA:14,1315,0,0
BRDA:14,1315,1,0
BRDA:14,1316,0,0
BRDA:14,1316,1,0
BRDA:14,1317,0,0
BRDA:14,1317,1,0
BRDA:14,1317,2,0
BRDA:14,1318,0,0
BRDA:14,1318,1,0
BRDA:14,1319,0,0
BRDA:14,1319,1,0
BRDA:14,1320,0,0
BRDA:14,1320,1,0
BRDA:14,1321,0,0
BRDA:14,1321,1,0
BRDA:14,1322,0,0
BRDA:14,1322,1,0
BRDA:14,1323,0,0
BRDA:14,1323,1,0
BRDA:14,1323,2,0
BRDA:14,1324,0,0
BRDA:14,1324,1,0
BRDA:14,1325,0,0
BRDA:14,1325,1,0
BRDA:14,1326,0,0
BRDA:14,1326,1,0
BRDA:14,1327,0,0
BRDA:14,1327,1,0
BRDA:14,1328,0,0
BRDA:14,1328,1,0
BRDA:14,1329,0,0
BRDA:14,1329,1,0
BRDA:14,1329,2,0
BRDA:14,1330,0,0
BRDA:14,1330,1,0
BRDA:14,1331,0,0
BRDA:14,1331,1,0
BRDA:14,1332,0,0
BRDA:14,1332,1,0
BRDA:14,1332,2,0
BRDA:14,1333,0,0
BRDA:14,1333,1,0
BRDA:14,1334,0,0
BRDA:14,1334,1,0
BRDA:14,1335,0,0
BRDA:14,1335,1,0
BRDA:14,1336,0,0
BRDA:14,1336,1,0
BRDA:14,1336,2,0
BRDA:14,1336,3,0
BRDA:14,1336,4,0
BRDA:14,1336,5,0
BRDA:14,1337,0,0
BRDA:14,1337,1,0
BRDA:14,1338,0,0
BRDA:14,1338,1,0
BRDA:14,1339,0,0
BRDA:14,1339,1,0
BRDA:14,1340,0,0
BRDA:14,1340,1,0
BRDA:14,1341,0,0
BRDA:14,1341,1,0
BRDA:14,1342,0,0
BRDA:14,1342,1,0
BRDA:14,1342,2,0
BRDA:14,1342,3,0
BRDA:14,1342,4,0
BRDA:14,1342,5,0
BRDA:14,1343,0,0
BRDA:14,1343,1,0
BRDA:14,1344,0,0
BRDA:14,1344,1,0
BRDA:14,1345,0,0
BRDA:14,1345,1,0
BRDA:14,1346,0,0
BRDA:14,1346,1,0
BRDA:14,1347,0,0
BRDA:14,1347,1,0
BRDA:14,1348,0,0
BRDA:14,1348,1,0
BRDA:14,1349,0,0
BRDA:14,1349,1,0
BRDA:14,1350,0,0
BRDA:14,1350,1,0
BRDA:14,1351,0,0
BRDA:14,1351,1,0
BRDA:14,1351,2,0
BRDA:14,1351,3,0
BRDA:14,1352,0,0
BRDA:14,1352,1,0
BRDA:14,1353,0,0
BRDA:14,1353,1,0
BRDA:14,1354,0,0
BRDA:14,1354,1,0
BRDA:14,1355,0,0
BRDA:14,1355,1,0
BRDA:14,1356,0,0
BRDA:14,1356,1,0
BRDA:14,1357,0,0
BRDA:14,1357,1,0
BRDA:14,1358,0,0
BRDA:14,1358,1,0
BRDA:14,1358,2,0
BRDA:14,1359,0,0
BRDA:14,1359,1,0
BRDA:14,1359,2,0
BRDA:14,1359,3,0
BRDA:14,1360,0,0
BRDA:14,1360,1,0
BRDA:14,1361,0,0
BRDA:14,1361,1,0
BRDA:14,1361,2,0
BRDA:14,1362,0,0
BRDA:14,1362,1,0
BRDA:14,1362,2,0
BRDA:14,1363,0,0
BRDA:14,1363,1,0
BRDA:14,1363,2,0
BRDA:14,1363,3,0
BRDA:14,1364,0,0
BRDA:14,1364,1,0
BRDA:14,1365,0,0
BRDA:14,1365,1,0
BRDA:14,1365,2,0
BRDA:14,1366,0,0
BRDA:14,1366,1,0
BRDA:14,1367,0,0
BRDA:14,1367,1,0
BRDA:14,1368,0,0
BRDA:14,1368,1,0
BRDA:14,1368,2,0
BRDA:14,1369,0,0
BRDA:14,1369,1,0
BRDA:14,1370,0,0
BRDA:14,1370,1,0
BRDA:14,1371,0,0
BRDA:14,1371,1,0
BRDA:14,1372,0,0
BRDA:14,1372,1,0
BRDA:14,1373,0,0
BRDA:14,1373,1,0
BRDA:14,1373,2,0
BRDA:14,1374,0,0
BRDA:14,1374,1,0
BRDA:14,1375,0,0
BRDA:14,1375,1,0
BRDA:14,1376,0,0
BRDA:14,1376,1,0
BRDA:14,1376,2,0
BRDA:14,1376,3,0
BRDA:14,1377,0,0
BRDA:14,1377,1,0
BRDA:14,1377,2,0
BRDA:14,1377,3,0
BRDA:14,1378,0,0
BRDA:14,1378,1,0
BRDA:14,1379,0,0
BRDA:14,1379,1,0
BRDA:14,1380,0,0
BRDA:14,1380,1,0
BRDA:14,1381,0,0
BRDA:14,1381,1,0
BRDA:14,1382,0,0
BRDA:14,1382,1,0
BRDA:14,1383,0,0
BRDA:14,1383,1,0
BRDA:14,1384,0,0
BRDA:14,1384,1,0
BRDA:14,1385,0,0
BRDA:14,1385,1,0
BRDA:14,1386,0,0
BRDA:14,1386,1,0
BRDA:14,1386,2,0
BRDA:14,1387,0,0
BRDA:14,1387,1,0
BRDA:14,1388,0,0
BRDA:14,1388,1,0
BRDA:14,1389,0,0
BRDA:14,1389,1,0
BRDA:14,1390,0,0
BRDA:14,1390,1,0
BRDA:14,1391,0,0
BRDA:14,1391,1,0
BRDA:14,1392,0,0
BRDA:14,1392,1,0
BRDA:14,1393,0,0
BRDA:14,1393,1,0
BRDA:14,1394,0,0
BRDA:14,1394,1,0
BRDA:14,1395,0,0
BRDA:14,1395,1,0
BRDA:14,1396,0,0
BRDA:14,1396,1,0
BRDA:14,1397,0,0
BRDA:14,1397,1,0
BRDA:14,1397,2,0
BRDA:14,1398,0,0
BRDA:14,1398,1,0
BRDA:14,1399,0,0
BRDA:14,1399,1,0
BRDA:14,1400,0,0
BRDA:14,1400,1,0
BRDA:14,1401,0,0
BRDA:14,1401,1,0
BRDA:14,1402,0,0
BRDA:14,1402,1,0
BRDA:14,1403,0,0
BRDA:14,1403,1,0
BRDA:14,1403,2,0
BRDA:14,1404,0,0
BRDA:14,1404,1,0
BRDA:14,1405,0,0
BRDA:14,1405,1,0
BRDA:14,1406,0,0
BRDA:14,1406,1,0
BRDA:14,1406,2,0
BRDA:14,1407,0,0
BRDA:14,1407,1,0
BRDA:14,1408,0,0
BRDA:14,1408,1,0
BRDA:14,1408,2,0
BRDA:14,1408,3,0
BRDA:14,1409,0,0
BRDA:14,1409,1,0
BRDA:14,1410,0,0
BRDA:14,1410,1,0
BRDA:14,1410,2,0
BRDA:14,1411,0,0
BRDA:14,1411,1,0
BRDA:14,1412,0,0
BRDA:14,1412,1,0
BRDA:14,1413,0,0
BRDA:14,1413,1,0
BRDA:14,1414,0,0
BRDA:14,1414,1,0
BRDA:14,1415,0,0
BRDA:14,1415,1,0
BRDA:14,1416,0,0
BRDA:14,1416,1,0
BRDA:14,1417,0,0
BRDA:14,1417,1,0
BRDA:14,1418,0,0
BRDA:14,1418,1,0
BRDA:14,1419,0,0
BRDA:14,1419,1,0
BRDA:14,1420,0,0
BRDA:14,1420,1,0
BRDA:14,1421,0,0
BRDA:14,1421,1,0
BRDA:14,1422,0,0
BRDA:14,1422,1,0
BRDA:14,1423,0,0
BRDA:14,1423,1,0
BRDA:14,1424,0,0
BRDA:14,1424,1,0
BRDA:14,1425,0,0
BRDA:14,1425,1,0
BRDA:14,1426,0,0
BRDA:14,1426,1,0
BRDA:14,1427,0,0
BRDA:14,1427,1,0
BRDA:14,1427,2,0
BRDA:14,1428,0,0
BRDA:14,1428,1,0
BRDA:14,1429,0,0
BRDA:14,1429,1,0
BRDA:14,1430,0,0
BRDA:14,1430,1,0
BRDA:14,1431,0,0
BRDA:14,1431,1,0
BRDA:14,1432,0,0
BRDA:14,1432,1,0
BRDA:14,1433,0,0
BRDA:14,1433,1,0
BRDA:14,1434,0,0
BRDA:14,1434,1,0
BRDA:14,1435,0,0
BRDA:14,1435,1,0
BRDA:14,1436,0,0
BRDA:14,1436,1,0
BRDA:14,1437,0,0
BRDA:14,1437,1,0
BRDA:14,1438,0,0
BRDA:14,1438,1,0
BRDA:14,1439,0,0
BRDA:14,1439,1,0
BRDA:14,1440,0,0
BRDA:14,1440,1,0
BRDA:14,1441,0,0
BRDA:14,1441,1,0
BRDA:14,1442,0,0
BRDA:14,1442,1,0
BRDA:14,1443,0,0
BRDA:14,1443,1,0
BRDA:14,1444,0,0
BRDA:14,1444,1,0
BRDA:14,1445,0,0
BRDA:14,1445,1,0
BRDA:14,1445,2,0
BRDA:14,1446,0,0
BRDA:14,1446,1,0
BRDA:14,1447,0,0
BRDA:14,1447,1,0
BRDA:14,1448,0,0
BRDA:14,1448,1,0
BRDA:14,1448,2,0
BRDA:14,1448,3,0
BRDA:14,1449,0,0
BRDA:14,1449,1,0
BRDA:14,1449,2,0
BRDA:14,1449,3,0
BRDA:14,1450,0,0
BRDA:14,1450,1,0
BRDA:14,1451,0,0
BRDA:14,1451,1,0
BRDA:14,1452,0,0
BRDA:14,1452,1,0
BRDA:14,1453,0,0
BRDA:14,1453,1,0
BRDA:14,1453,2,0
BRDA:14,1454,0,0
BRDA:14,1454,1,0
BRDA:14,1454,2,0
BRDA:14,1455,0,0
BRDA:14,1455,1,0
BRDA:14,1456,0,0
BRDA:14,1456,1,0
BRDA:14,1457,0,0
BRDA:14,1457,1,0
BRDA:14,1458,0,0
BRDA:14,1458,1,0
BRDA:14,1459,0,0
BRDA:14,1459,1,0
BRDA:14,1459,2,0
BRDA:14,1459,3,0
BRDA:14,1459,4,0
BRDA:14,1459,5,0
BRDA:14,1459,6,0
BRDA:14,1459,7,0
BRDA:14,1459,8,0
BRDA:14,1459,9,0
BRDA:14,1460,0,0
BRDA:14,1460,1,0
BRDA:14,1461,0,0
BRDA:14,1461,1,0
BRDA:14,1462,0,0
BRDA:14,1462,1,0
BRDA:14,1463,0,0
BRDA:14,1463,1,0
BRDA:14,1464,0,0
BRDA:14,1464,1,0
BRDA:14,1465,0,0
BRDA:14,1465,1,0
BRDA:14,1466,0,0
BRDA:14,1466,1,0
BRDA:14,1467,0,0
BRDA:14,1467,1,0
BRDA:14,1468,0,0
BRDA:14,1468,1,0
BRDA:14,1469,0,0
BRDA:14,1469,1,0
BRDA:14,1470,0,0
BRDA:14,1470,1,0
BRDA:14,1471,0,0
BRDA:14,1471,1,0
BRDA:14,1471,2,0
BRDA:14,1471,3,0
BRDA:14,1472,0,0
BRDA:14,1472,1,0
BRDA:14,1473,0,0
BRDA:14,1473,1,0
BRDA:14,1474,0,0
BRDA:14,1474,1,0
BRDA:14,1475,0,0
BRDA:14,1475,1,0
BRDA:14,1476,0,0
BRDA:14,1476,1,0
BRDA:14,1477,0,0
BRDA:14,1477,1,0
BRDA:14,1477,2,0
BRDA:14,1477,3,0
BRDA:14,1478,0,0
BRDA:14,1478,1,0
BRDA:14,1478,2,0
BRDA:14,1478,3,0
BRDA:14,1478,4,0
BRDA:14,1479,0,0
BRDA:14,1479,1,0
BRDA:14,1480,0,0
BRDA:14,1480,1,0
BRDA:14,1481,0,0
BRDA:14,1481,1,0
BRDA:14,1482,0,0
BRDA:14,1482,1,0
BRDA:14,1483,0,0
BRDA:14,1483,1,0
BRDA:14,1484,0,0
BRDA:14,1484,1,0
BRDA:14,1484,2,0
BRDA:14,1485,0,0
BRDA:14,1485,1,0
BRDA:14,1486,0,0
BRDA:14,1486,1,0
BRDA:14,1487,0,0
BRDA:14,1487,1,0
BRDA:14,1488,0,0
BRDA:14,1488,1,0
BRDA:14,1488,2,0
BRDA:14,1489,0,0
BRDA:14,1489,1,0
BRDA:14,1490,0,0
BRDA:14,1490,1,0
BRDA:14,1491,0,0
BRDA:14,1491,1,0
BRDA:14,1491,2,0
BRDA:14,1492,0,0
BRDA:14,1492,1,0
BRDA:14,1492,2,0
BRDA:14,1492,3,0
BRDA:14,1492,4,0
BRDA:14,1492,5,0
BRDA:14,1492,6,0
BRDA:14,1492,7,0
BRDA:14,1493,0,0
BRDA:14,1493,1,0
BRDA:14,1494,0,0
BRDA:14,1494,1,0
BRDA:14,1495,0,0
BRDA:14,1495,1,0
BRDA:14,1496,0,0
BRDA:14,1496,1,0
BRDA:14,1497,0,0
BRDA:14,1497,1,0
BRDA:14,1497,2,0
BRDA:14,1497,3,0
BRDA:14,1497,4,0
BRDA:14,1497,5,0
BRDA:14,1497,6,0
BRDA:14,1497,7,0
BRDA:14,1497,8,0
BRDA:14,1497,9,0
BRDA:14,1497,10,0
BRDA:14,1497,11,0
BRDA:14,1498,0,0
BRDA:14,1498,1,0
BRDA:14,1499,0,0
BRDA:14,1499,1,0
BRDA:14,1500,0,0
BRDA:14,1500,1,0
BRDA:14,1501,0,0
BRDA:14,1501,1,0
BRDA:14,1502,0,0
BRDA:14,1502,1,0
BRDA:14,1503,0,0
BRDA:14,1503,1,0
BRDA:14,1504,0,0
BRDA:14,1504,1,0
BRDA:14,1505,0,0
BRDA:14,1505,1,0
BRDA:14,1505,2,0
BRDA:14,1505,3,0
BRDA:14,1506,0,0
BRDA:14,1506,1,0
BRDA:14,1507,0,0
BRDA:14,1507,1,0
BRDA:14,1508,0,0
BRDA:14,1508,1,0
BRDA:14,1509,0,0
BRDA:14,1509,1,0
BRDA:14,1510,0,0
BRDA:14,1510,1,0
BRDA:14,1511,0,0
BRDA:14,1511,1,0
BRDA:14,1512,0,0
BRDA:14,1512,1,0
BRDA:14,1513,0,0
BRDA:14,1513,1,0
BRDA:14,1514,0,0
BRDA:14,1514,1,0
BRDA:14,1515,0,0
BRDA:14,1515,1,0
BRDA:14,1516,0,0
BRDA:14,1516,1,0
BRDA:14,1517,0,0
BRDA:14,1517,1,0
BRDA:14,1518,0,0
BRDA:14,1518,1,0
BRDA:14,1518,2,0
BRDA:14,1519,0,0
BRDA:14,1519,1,0
BRDA:14,1520,0,0
BRDA:14,1520,1,0
BRDA:14,1521,0,0
BRDA:14,1521,1,0
BRDA:14,1522,0,0
BRDA:14,1522,1,0
BRDA:14,1522,2,0
BRDA:14,1522,3,0
BRDA:14,1523,0,0
BRDA:14,1523,1,0
BRDA:14,1523,2,0
BRDA:14,1524,0,0
BRDA:14,1524,1,0
BRDA:14,1525,0,0
BRDA:14,1525,1,0
BRDA:14,1525,2,0
BRDA:14,1526,0,0
BRDA:14,1526,1,0
BRDA:14,1527,0,0
BRDA:14,1527,1,0
BRDA:14,1528,0,0
BRDA:14,1528,1,0
BRDA:14,1529,0,0
BRDA:14,1529,1,0
BRDA:14,1530,0,0
BRDA:14,1530,1,0
BRDA:14,1531,0,0
BRDA:14,1531,1,0
BRDA:14,1532,0,0
BRDA:14,1532,1,0
BRDA:14,1533,0,0
BRDA:14,1533,1,0
BRDA:14,1534,0,0
BRDA:14,1534,1,0
BRDA:14,1535,0,0
BRDA:14,1535,1,0
BRDA:14,1536,0,0
BRDA:14,1536,1,0
BRDA:14,1537,0,0
BRDA:14,1537,1,0
BRDA:14,1537,2,0
BRDA:14,1537,3,0
BRDA:14,1537,4,0
BRDA:14,1537,5,0
BRDA:14,1538,0,0
BRDA:14,1538,1,0
BRDA:14,1539,0,0
BRDA:14,1539,1,0
BRDA:14,1540,0,0
BRDA:14,1540,1,0
BRDA:14,1541,0,0
BRDA:14,1541,1,0
BRDA:14,1542,0,0
BRDA:14,1542,1,0
BRDA:14,1543,0,0
BRDA:14,1543,1,0
BRDA:14,1544,0,0
BRDA:14,1544,1,0
BRDA:14,1545,0,0
BRDA:14,1545,1,0
BRDA:14,1545,2,0
BRDA:14,1546,0,0
BRDA:14,1546,1,0
BRDA:14,1547,0,0
BRDA:14,1547,1,0
BRDA:14,1548,0,0
BRDA:14,1548,1,0
BRDA:14,1549,0,0
BRDA:14,1549,1,0
BRDA:14,1550,0,0
BRDA:14,1550,1,0
BRDA:14,1551,0,0
BRDA:14,1551,1,0
BRDA:14,1552,0,0
BRDA:14,1552,1,0
BRDA:14,1553,0,0
BRDA:14,1553,1,0
BRDA:14,1554,0,0
BRDA:14,1554,1,0
BRDA:14,1555,0,0
BRDA:14,1555,1,0
BRDA:14,1555,2,0
BRDA:14,1556,0,0
BRDA:14,1556,1,0
BRDA:14,1557,0,0
BRDA:14,1557,1,0
BRDA:14,1558,0,0
BRDA:14,1558,1,0
BRDA:14,1559,0,0
BRDA:14,1559,1,0
BRDA:14,1560,0,0
BRDA:14,1560,1,0
BRDA:14,1561,0,0
BRDA:14,1561,1,0
BRDA:14,1562,0,0
BRDA:14,1562,1,0
BRDA:14,1563,0,0
BRDA:14,1563,1,0
BRDA:14,1564,0,0
BRDA:14,1564,1,0
BRDA:14,1565,0,0
BRDA:14,1565,1,0
BRDA:14,1566,0,0
BRDA:14,1566,1,0
BRDA:14,1566,2,0
BRDA:14,1567,0,0
BRDA:14,1567,1,0
BRDA:14,1568,0,0
BRDA:14,1568,1,0
BRDA:14,1569,0,0
BRDA:14,1569,1,0
BRDA:14,1570,0,0
BRDA:14,1570,1,0
BRDA:14,1570,2,0
BRDA:14,1571,0,0
BRDA:14,1571,1,0
BRDA:14,1572,0,0
BRDA:14,1572,1,0
BRDA:14,1573,0,0
BRDA:14,1573,1,0
BRDA:14,1574,0,0
BRDA:14,1574,1,0
BRDA:14,1575,0,0
BRDA:14,1575,1,0
BRDA:14,1576,0,0
BRDA:14,1576,1,0
BRDA:14,1577,0,0
BRDA:14,1577,1,0
BRDA:14,1578,0,0
BRDA:14,1578,1,0
BRDA:14,1579,0,0
BRDA:14,1579,1,0
BRDA:14,1580,0,0
BRDA:14,1580,1,0
BRDA:14,1581,0,0
BRDA:14,1581,1,0
BRDA:14,1582,0,0
BRDA:14,1582,1,0
BRDA:14,1583,0,0
BRDA:14,1583,1,0
BRDA:14,1584,0,0
BRDA:14,1584,1,0
BRDA:14,1585,0,0
BRDA:14,1585,1,0
BRDA:14,1586,0,0
BRDA:14,1586,1,0
BRDA:14,1587,0,0
BRDA:14,1587,1,0
BRDA:14,1587,2,0
BRDA:14,1588,0,0
BRDA:14,1588,1,0
BRDA:14,1589,0,0
BRDA:14,1589,1,0
BRDA:14,1590,0,0
BRDA:14,1590,1,0
BRDA:14,1591,0,0
BRDA:14,1591,1,0
BRDA:14,1592,0,0
BRDA:14,1592,1,0
BRDA:14,1593,0,0
BRDA:14,1593,1,0
BRDA:14,1593,2,0
BRDA:14,1594,0,0
BRDA:14,1594,1,0
BRDA:14,1595,0,0
BRDA:14,1595,1,0
BRDA:14,1596,0,0
BRDA:14,1596,1,0
BRDA:14,1597,0,0
BRDA:14,1597,1,0
BRDA:14,1597,2,0
BRDA:14,1598,0,0
BRDA:14,1598,1,0
BRDA:14,1599,0,0
BRDA:14,1599,1,0
BRDA:14,1600,0,0
BRDA:14,1600,1,0
BRDA:14,1601,0,0
BRDA:14,1601,1,0
BRDA:14,1602,0,0
BRDA:14,1602,1,0
BRDA:14,1603,0,0
BRDA:14,1603,1,0
BRDA:14,1604,0,0
BRDA:14,1604,1,0
BRDA:14,1605,0,0
BRDA:14,1605,1,0
BRDA:14,1605,2,0
BRDA:14,1606,0,0
BRDA:14,1606,1,0
BRDA:14,1607,0,0
BRDA:14,1607,1,0
BRDA:14,1608,0,0
BRDA:14,1608,1,0
BRDA:14,1609,0,0
BRDA:14,1609,1,0
BRDA:14,1610,0,0
BRDA:14,1610,1,0
BRDA:14,1611,0,0
BRDA:14,1611,1,0
BRDA:14,1612,0,0
BRDA:14,1612,1,0
BRDA:14,1612,2,0
BRDA:14,1613,0,0
BRDA:14,1613,1,0
BRDA:14,1614,0,0
BRDA:14,1614,1,0
BRDA:14,1615,0,0
BRDA:14,1615,1,0
BRDA:14,1616,0,0
BRDA:14,1616,1,0
BRDA:14,1617,0,0
BRDA:14,1617,1,0
BRDA:14,1618,0,0
BRDA:14,1618,1,0
BRDA:14,1619,0,0
BRDA:14,1619,1,0
BRDA:14,1620,0,0
BRDA:14,1620,1,0
BRDA:14,1621,0,0
BRDA:14,1621,1,0
BRDA:14,1622,0,0
BRDA:14,1622,1,0
BRDA:14,1623,0,0
BRDA:14,1623,1,0
[...]
BRDA:14,1390,0,0
BRDA:14,1390,1,0
BRDA:14,1390,2,0
BRDA:14,1391,0,0
BRDA:14,1391,1,0
BRDA:14,1392,0,0
BRDA:14,1392,1,0
BRDA:14,1393,0,0
BRDA:14,1393,1,0
BRDA:14,1394,0,0
BRDA:14,1394,1,0
BRDA:14,1394,2,0
BRDA:14,1395,0,0
BRDA:14,1395,1,0
BRDA:14,1396,0,0
BRDA:14,1396,1,0
BRDA:14,1397,0,0
BRDA:14,1397,1,0
BRDA:14,1397,2,0
BRDA:14,1398,0,0
BRDA:14,1398,1,0
BRDA:14,1398,2,0
BRDA:14,1398,3,0
BRDA:14,1398,4,0
BRDA:14,1398,5,0
BRDA:14,1398,6,0
BRDA:14,1398,7,0
BRDA:14,1399,0,0
BRDA:14,1399,1,0
BRDA:14,1400,0,0
BRDA:14,1400,1,0
BRDA:14,1401,0,0
BRDA:14,1401,1,0
BRDA:14,1402,0,0
BRDA:14,1402,1,0
BRDA:14,1403,0,0
BRDA:14,1403,1,0
BRDA:14,1403,2,0
BRDA:14,1403,3,0
BRDA:14,1403,4,0
BRDA:14,1403,5,0
BRDA:14,1403,6,0
BRDA:14,1403,7,0
BRDA:14,1403,8,0
BRDA:14,1403,9,0
BRDA:14,1403,10,0
BRDA:14,1403,11,0
BRDA:14,1404,0,0
BRDA:14,1404,1,0
BRDA:14,1405,0,0
BRDA:14,1405,1,0
BRDA:14,1406,0,0
BRDA:14,1406,1,0
BRDA:14,1407,0,0
BRDA:14,1407,1,0
BRDA:14,1408,0,0
BRDA:14,1408,1,0
BRDA:14,1409,0,0
BRDA:14,1409,1,0
BRDA:14,1410,0,0
BRDA:14,1410,1,0
BRDA:14,1411,0,0
BRDA:14,1411,1,0
BRDA:14,1411,2,0
BRDA:14,1411,3,0
BRDA:14,1412,0,0
BRDA:14,1412,1,0
BRDA:14,1413,0,0
BRDA:14,1413,1,0
BRDA:14,1414,0,0
BRDA:14,1414,1,0
BRDA:14,1415,0,0
BRDA:14,1415,1,0
BRDA:14,1416,0,0
BRDA:14,1416,1,0
BRDA:14,1417,0,0
BRDA:14,1417,1,0
BRDA:14,1418,0,0
BRDA:14,1418,1,0
BRDA:14,1419,0,0
BRDA:14,1419,1,0
BRDA:14,1420,0,0
BRDA:14,1420,1,0
BRDA:14,1421,0,0
BRDA:14,1421,1,0
BRDA:14,1422,0,0
BRDA:14,1422,1,0
BRDA:14,1423,0,0
BRDA:14,1423,1,0
BRDA:14,1424,0,0
BRDA:14,1424,1,0
BRDA:14,1424,2,0
BRDA:14,1425,0,0
BRDA:14,1425,1,0
BRDA:14,1426,0,0
BRDA:14,1426,1,0
BRDA:14,1427,0,0
BRDA:14,1427,1,0
BRDA:14,1428,0,0
BRDA:14,1428,1,0
BRDA:14,1428,2,0
BRDA:14,1428,3,0
BRDA:14,1429,0,0
BRDA:14,1429,1,0
BRDA:14,1429,2,0
BRDA:14,1430,0,0
BRDA:14,1430,1,0
BRDA:14,1431,0,0
BRDA:14,1431,1,0
BRDA:14,1431,2,0
BRDA:14,1432,0,0
BRDA:14,1432,1,0
BRDA:14,1433,0,0
BRDA:14,1433,1,0
BRDA:14,1434,0,0
BRDA:14,1434,1,0
BRDA:14,1435,0,0
BRDA:14,1435,1,0
BRDA:14,1436,0,0
BRDA:14,1436,1,0
BRDA:14,1437,0,0
BRDA:14,1437,1,0
BRDA:14,1438,0,0
BRDA:14,1438,1,0
BRDA:14,1439,0,0
BRDA:14,1439,1,0
BRDA:14,1440,0,0
BRDA:14,1440,1,0
BRDA:14,1441,0,0
BRDA:14,1441,1,0
BRDA:14,1442,0,0
BRDA:14,1442,1,0
BRDA:14,1443,0,0
BRDA:14,1443,1,0
BRDA:14,1443,2,0
BRDA:14,1443,3,0
BRDA:14,1443,4,0
BRDA:14,1443,5,0
BRDA:14,1444,0,0
BRDA:14,1444,1,0
BRDA:14,1445,0,0
BRDA:14,1445,1,0
BRDA:14,1446,0,0
BRDA:14,1446,1,0
BRDA:14,1447,0,0
BRDA:14,1447,1,0
BRDA:14,1448,0,0
BRDA:14,1448,1,0
BRDA:14,1449,0,0
BRDA:14,1449,1,0
BRDA:14,1450,0,0
BRDA:14,1450,1,0
BRDA:14,1451,0,0
BRDA:14,1451,1,0
BRDA:14,1451,2,0
BRDA:14,1452,0,0
BRDA:14,1452,1,0
BRDA:14,1453,0,0
BRDA:14,1453,1,0
BRDA:14,1454,0,0
BRDA:14,1454,1,0
BRDA:14,1455,0,0
BRDA:14,1455,1,0
BRDA:14,1456,0,0
BRDA:14,1456,1,0
BRDA:14,1457,0,0
BRDA:14,1457,1,0
BRDA:14,1458,0,0
BRDA:14,1458,1,0
BRDA:14,1459,0,0
BRDA:14,1459,1,0
BRDA:14,1460,0,0
BRDA:14,1460,1,0
BRDA:14,1461,0,0
BRDA:14,1461,1,0
BRDA:14,1461,2,0
BRDA:14,1462,0,0
BRDA:14,1462,1,0
BRDA:14,1463,0,0
BRDA:14,1463,1,0
BRDA:14,1464,0,0
BRDA:14,1464,1,0
BRDA:14,1465,0,0
BRDA:14,1465,1,0
BRDA:14,1466,0,0
BRDA:14,1466,1,0
BRDA:14,1467,0,0
BRDA:14,1467,1,0
BRDA:14,1468,0,0
BRDA:14,1468,1,0
BRDA:14,1469,0,0
BRDA:14,1469,1,0
BRDA:14,1470,0,0
BRDA:14,1470,1,0
BRDA:14,1471,0,0
BRDA:14,1471,1,0
BRDA:14,1472,0,0
BRDA:14,1472,1,0
BRDA:14,1472,2,0
BRDA:14,1473,0,0
BRDA:14,1473,1,0
BRDA:14,1474,0,0
BRDA:14,1474,1,0
BRDA:14,1475,0,0
BRDA:14,1475,1,0
BRDA:14,1476,0,0
BRDA:14,1476,1,0
BRDA:14,1476,2,0
BRDA:14,1477,0,0
BRDA:14,1477,1,0
BRDA:14,1478,0,0
BRDA:14,1478,1,0
BRDA:14,1479,0,0
BRDA:14,1479,1,0
BRDA:14,1480,0,0
BRDA:14,1480,1,0
BRDA:14,1481,0,0
BRDA:14,1481,1,0
BRDA:14,1482,0,0
BRDA:14,1482,1,0
BRDA:14,1483,0,0
BRDA:14,1483,1,0
BRDA:14,1484,0,0
BRDA:14,1484,1,0
BRDA:14,1485,0,0
BRDA:14,1485,1,0
BRDA:14,1486,0,0
BRDA:14,1486,1,0
BRDA:14,1487,0,0
BRDA:14,1487,1,0
BRDA:14,1488,0,0
BRDA:14,1488,1,0
BRDA:14,1489,0,0
BRDA:14,1489,1,0
BRDA:14,1490,0,0
BRDA:14,1490,1,0
BRDA:14,1491,0,0
BRDA:14,1491,1,0
BRDA:14,1492,0,0
BRDA:14,1492,1,0
BRDA:14,1493,0,0
BRDA:14,1493,1,0
BRDA:14,1493,2,0
BRDA:14,1494,0,0
BRDA:14,1494,1,0
BRDA:14,1495,0,0
BRDA:14,1495,1,0
BRDA:14,1496,0,0
BRDA:14,1496,1,0
BRDA:14,1497,0,0
BRDA:14,1497,1,0
BRDA:14,1498,0,0
BRDA:14,1498,1,0
BRDA:14,1499,0,0
BRDA:14,1499,1,0
BRDA:14,1499,2,0
BRDA:14,1500,0,0
BRDA:14,1500,1,0
BRDA:14,1501,0,0
BRDA:14,1501,1,0
BRDA:14,1502,0,0
BRDA:14,1502,1,0
BRDA:14,1503,0,0
BRDA:14,1503,1,0
BRDA:14,1503,2,0
BRDA:14,1504,0,0
BRDA:14,1504,1,0
BRDA:14,1505,0,0
BRDA:14,1505,1,0
BRDA:14,1506,0,0
BRDA:14,1506,1,0
BRDA:14,1507,0,0
BRDA:14,1507,1,0
BRDA:14,1508,0,0
BRDA:14,1508,1,0
BRDA:14,1509,0,0
BRDA:14,1509,1,0
BRDA:14,1510,0,0
BRDA:14,1510,1,0
BRDA:14,1511,0,0
BRDA:14,1511,1,0
BRDA:14,1511,2,0
BRDA:14,1512,0,0
BRDA:14,1512,1,0
BRDA:14,1513,0,0
BRDA:14,1513,1,0
BRDA:14,1514,0,0
BRDA:14,1514,1,0
BRDA:22,1515,0,0
BRDA:22,1515,1,0
BRDA:22,1516,0,0
BRDA:22,1516,1,0
BRDA:22,1517,0,0
BRDA:22,1517,1,0
BRDA:22,1518,0,0
BRDA:22,1518,1,0
BRDA:22,1519,0,0
BRDA:22,1519,1,0
BRDA:22,1520,0,0
BRDA:22,1520,1,0
BRDA:22,1521,0,0
BRDA:22,1521,1,0
BRDA:22,1522,0,0
BRDA:22,1522,1,0
BRDA:22,1523,0,0
BRDA:22,1523,1,0
BRDA:22,1524,0,0
BRDA:22,1524,1,0
BRDA:22,1525,0,0
BRDA:22,1525,1,0
BRDA:22,1526,0,0
BRDA:22,1526,1,0
BRDA:22,1527,0,0
BRDA:22,1527,1,0
BRDA:22,1528,0,0
BRDA:22,1528,1,0
BRDA:22,1529,0,0
BRDA:22,1529,1,0
BRDA:22,1530,0,0
BRDA:22,1530,1,0
BRDA:22,1531,0,0
BRDA:22,1531,1,0
BRDA:22,1532,0,0
BRDA:22,1532,1,0
BRDA:22,1533,0,0
BRDA:22,1533,1,0
BRDA:22,1533,2,0
BRDA:22,1533,3,0
BRDA:22,1534,0,0
BRDA:22,1534,1,0
BRDA:22,1535,0,0
BRDA:22,1535,1,0
BRDA:22,1536,0,0
BRDA:22,1536,1,0
BRDA:22,1537,0,0
BRDA:22,1537,1,0
BRDA:22,1537,2,0
BRDA:22,1538,0,0
BRDA:22,1538,1,0
BRDA:22,1539,0,0
BRDA:22,1539,1,0
BRDA:22,1540,0,0
BRDA:22,1540,1,0
BRDA:22,1541,0,0
BRDA:22,1541,1,0
BRDA:22,1542,0,0
BRDA:22,1542,1,0
BRDA:22,1543,0,0
BRDA:22,1543,1,0
BRDA:22,1543,2,0
BRDA:22,1544,0,0
BRDA:22,1544,1,0
BRDA:22,1545,0,0
BRDA:22,1545,1,0
BRDA:22,1546,0,0
BRDA:22,1546,1,0
BRDA:22,1547,0,0
BRDA:22,1547,1,0
BRDA:22,1547,2,0
BRDA:22,1548,0,0
BRDA:22,1548,1,0
BRDA:22,1549,0,0
BRDA:22,1549,1,0
BRDA:22,1549,2,0
BRDA:22,1550,0,0
BRDA:22,1550,1,0
BRDA:22,1551,0,0
BRDA:22,1551,1,0
BRDA:22,1552,0,0
BRDA:22,1552,1,0
BRDA:22,1553,0,0
BRDA:22,1553,1,0
BRDA:22,1554,0,0
BRDA:22,1554,1,0
BRDA:22,1555,0,0
BRDA:22,1555,1,0
BRDA:22,1556,0,0
BRDA:22,1556,1,0
BRDA:22,1557,0,0
BRDA:22,1557,1,0
BRDA:22,1558,0,0
BRDA:22,1558,1,0
BRDA:22,1559,0,0
BRDA:22,1559,1,0
BRDA:22,1559,2,0
BRDA:22,1560,0,0
BRDA:22,1560,1,0
BRDA:22,1561,0,0
BRDA:22,1561,1,0
BRDA:22,1562,0,0
BRDA:22,1562,1,0
BRDA:22,1563,0,0
BRDA:22,1563,1,0
BRDA:22,1563,2,0
BRDA:22,1564,0,0
BRDA:22,1564,1,0
BRDA:22,1565,0,0
BRDA:22,1565,1,0
BRDA:22,1566,0,0
BRDA:22,1566,1,0
BRDA:22,1567,0,0
BRDA:22,1567,1,0
BRDA:22,1568,0,0
BRDA:22,1568,1,0
BRDA:22,1568,2,0
BRDA:22,1569,0,0
BRDA:22,1569,1,0
BRDA:22,1570,0,0
BRDA:22,1570,1,0
BRDA:22,1571,0,0
BRDA:22,1571,1,0
BRDA:22,1572,0,0
BRDA:22,1572,1,0
BRDA:22,1573,0,0
BRDA:22,1573,1,0
BRDA:22,1574,0,0
BRDA:22,1574,1,0
BRDA:22,1575,0,0
BRDA:22,1575,1,0
BRDA:22,1576,0,0
BRDA:22,1576,1,0
BRDA:22,1577,0,0
BRDA:22,1577,1,0
BRDA:22,1578,0,0
BRDA:22,1578,1,0
BRDA:22,1579,0,0
BRDA:22,1579,1,0
BRDA:22,1579,2,0
BRDA:22,1580,0,0
BRDA:22,1580,1,0
BRDA:22,1580,2,0
BRDA:22,1581,0,0
BRDA:22,1581,1,0
BRDA:22,1582,0,0
BRDA:22,1582,1,0
BRDA:22,1583,0,0
BRDA:22,1583,1,0
BRDA:22,1584,0,0
BRDA:22,1584,1,0
BRDA:22,1585,0,0
BRDA:22,1585,1,0
BRDA:22,1585,2,0
BRDA:22,1586,0,0
BRDA:22,1586,1,0
BRDA:30,1587,0,0
BRDA:30,1587,1,0
BRDA:30,1588,0,0
BRDA:30,1588,1,0
BRDA:30,1589,0,0
BRDA:30,1589,1,0
BRDA:30,1590,0,0
BRDA:30,1590,1,0
BRDA:30,1591,0,0
BRDA:30,1591,1,0
BRDA:30,1592,0,0
BRDA:30,1592,1,0
BRDA:30,1593,0,0
BRDA:30,1593,1,0
BRDA:30,1594,0,0
BRDA:30,1594,1,0
BRDA:30,1595,0,0
BRDA:30,1595,1,0
BRDA:30,1596,0,0
BRDA:30,1596,1,0
BRDA:30,1596,2,0
BRDA:30,1597,0,0
BRDA:30,1597,1,0
BRDA:30,1598,0,0
BRDA:30,1598,1,0
BRDA:30,1599,0,0
BRDA:30,1599,1,0
BRDA:30,1600,0,0
BRDA:30,1600,1,0
BRDA:30,1601,0,0
BRDA:30,1601,1,0
BRDA:30,1602,0,0
BRDA:30,1602,1,0
BRDA:30,1603,0,0
BRDA:30,1603,1,0
BRDA:30,1604,0,0
BRDA:30,1604,1,0
BRDA:30,1605,0,0
BRDA:30,1605,1,0
BRDA:30,1606,0,0
BRDA:30,1606,1,0
BRDA:30,1607,0,0
BRDA:30,1607,1,0
BRDA:30,1608,0,0
BRDA:30,1608,1,0
BRDA:30,1609,0,0
BRDA:30,1609,1,0
BRDA:30,1610,0,0
BRDA:30,1610,1,0
BRDA:30,1611,0,0
BRDA:30,1611,1,0
BRDA:30,1612,0,0
BRDA:30,1612,1,0
BRDA:30,1613,0,0
BRDA:30,1613,1,0
BRDA:30,1614,0,0
BRDA:30,1614,1,0
BRDA:30,1615,0,0
BRDA:30,1615,1,0
BRDA:30,1616,0,0
BRDA:30,1616,1,0
BRDA:30,1617,0,0
BRDA:30,1617,1,0
BRDA:30,1618,0,0
BRDA:30,1618,1,0
BRDA:30,1619,0,0
BRDA:30,1619,1,0
BRDA:30,1620,0,0
BRDA:30,1620,1,0
BRDA:30,1621,0,0
BRDA:30,1621,1,0
BRDA:30,1622,0,0
BRDA:30,1622,1,0
BRDA:30,1623,0,0
BRDA:30,1623,1,0
BRDA:30,1624,0,0
BRDA:30,1624,1,0
BRDA:30,1625,0,0
BRDA:30,1625,1,0
BRDA:30,1626,0,0
BRDA:30,1626,1,0
BRDA:30,1627,0,0
BRDA:30,1627,1,0
BRDA:30,1628,0,0
BRDA:30,1628,1,0
BRDA:30,1629,0,0
BRDA:30,1629,1,0
BRDA:30,1630,0,0
BRDA:30,1630,1,0
BRDA:30,1631,0,0
BRDA:30,1631,1,0
BRDA:30,1632,0,0
BRDA:30,1632,1,0
BRDA:30,1633,0,0
BRDA:30,1633,1,0
BRDA:30,1634,0,0
BRDA:30,1634,1,0
BRDA:30,1635,0,0
BRDA:30,1635,1,0
BRDA:30,1636,0,0
BRDA:30,1636,1,0
BRDA:30,1637,0,0
BRDA:30,1637,1,0
BRDA:30,1637,2,0
BRDA:30,1637,3,0
BRDA:30,1637,4,0
BRDA:30,1637,5,0
BRDA:30,1638,0,0
BRDA:30,1638,1,0
BRDA:30,1639,0,0
BRDA:30,1639,1,0
BRDA:30,1640,0,0
BRDA:30,1640,1,0
BRDA:30,1640,2,0
BRDA:30,1641,0,0
BRDA:30,1641,1,0
BRDA:30,1641,2,0
BRDA:30,1641,3,0
BRDA:30,1641,4,0
BRDA:30,1642,0,0
BRDA:30,1642,1,0
BRDA:30,1643,0,0
BRDA:30,1643,1,0
BRDA:30,1644,0,0
BRDA:30,1644,1,0
BRDA:30,1645,0,0
BRDA:30,1645,1,0
BRDA:30,1646,0,0
BRDA:30,1646,1,0
BRDA:30,1647,0,0
BRDA:30,1647,1,0
BRDA:30,1648,0,0
BRDA:30,1648,1,0
BRDA:30,1649,0,0
BRDA:30,1649,1,0
BRDA:30,1649,2,0
BRDA:30,1649,3,0
BRF:3877
BRH:0
end_of_record
TN:
SF:e:\projects\RobinUI\dist\robin.js
FN:1,(anonymous_0)
FN:1,n
FN:1,t
FN:1,o
FN:1,(anonymous_4)
FN:1,(anonymous_5)
FN:1,(anonymous_6)
FN:1,p
FN:1,(anonymous_8)
FN:1,(anonymous_9)
FN:1,(anonymous_10)
FN:1,(anonymous_11)
FN:1,(anonymous_12)
FN:1,(anonymous_13)
FN:1,n
FN:1,(anonymous_15)
FN:1,u
FN:1,(anonymous_17)
FN:1,(anonymous_18)
FN:1,(anonymous_19)
FN:1,(anonymous_20)
FN:1,(anonymous_21)
FN:1,(anonymous_22)
FN:1,(anonymous_23)
FN:1,(anonymous_24)
FN:1,(anonymous_25)
FN:1,(anonymous_26)
FN:1,y
FN:1,O
FN:1,_
FN:1,(anonymous_30)
FN:1,(anonymous_31)
FN:1,D
FN:1,E
FN:1,j
FN:1,(anonymous_35)
FN:1,(anonymous_36)
FN:1,(anonymous_37)
FN:1,H
FN:1,p
FN:1,u
FN:1,(anonymous_41)
FN:1,(anonymous_42)
FN:1,(anonymous_43)
FN:1,n
FN:1,t
FN:1,o
FN:1,(anonymous_47)
FN:1,(anonymous_48)
FN:1,(anonymous_49)
FN:1,p
FN:1,(anonymous_51)
FN:1,(anonymous_52)
FN:1,(anonymous_53)
FN:1,(anonymous_54)
FN:1,(anonymous_55)
FN:1,(anonymous_56)
FN:1,n
FN:1,(anonymous_58)
FN:1,u
FN:1,(anonymous_60)
FN:1,(anonymous_61)
FN:1,(anonymous_62)
FN:1,(anonymous_63)
FN:1,(anonymous_64)
FN:1,(anonymous_65)
FN:1,(anonymous_66)
FN:1,(anonymous_67)
FN:1,(anonymous_68)
FN:1,(anonymous_69)
FN:1,y
FN:1,O
FN:1,_
FN:1,(anonymous_73)
FN:1,(anonymous_74)
FN:1,D
FN:1,E
FN:1,j
FN:1,(anonymous_78)
FN:1,(anonymous_79)
FN:1,(anonymous_80)
FN:1,H
FN:1,p
FN:1,u
FN:1,(anonymous_84)
FN:1,(anonymous_85)
FN:1,(anonymous_86)
FN:1,M
FN:1,(anonymous_88)
FN:1,(anonymous_89)
FN:1,(anonymous_90)
FN:1,(anonymous_91)
FN:1,(anonymous_92)
FN:1,(anonymous_93)
FN:1,(anonymous_94)
FN:1,(anonymous_95)
FN:1,(anonymous_96)
FN:1,(anonymous_97)
FN:1,(anonymous_98)
FN:1,(anonymous_99)
FN:1,e
FN:1,(anonymous_101)
FNF:102
FNH:0
FNDA:0,(anonymous_0)
FNDA:0,n
FNDA:0,t
FNDA:0,o
FNDA:0,(anonymous_4)
FNDA:0,(anonymous_5)
FNDA:0,(anonymous_6)
FNDA:0,p
FNDA:0,(anonymous_8)
FNDA:0,(anonymous_9)
FNDA:0,(anonymous_10)
FNDA:0,(anonymous_11)
FNDA:0,(anonymous_12)
FNDA:0,(anonymous_13)
FNDA:0,n
FNDA:0,(anonymous_15)
FNDA:0,u
FNDA:0,(anonymous_17)
FNDA:0,(anonymous_18)
FNDA:0,(anonymous_19)
FNDA:0,(anonymous_20)
FNDA:0,(anonymous_21)
FNDA:0,(anonymous_22)
FNDA:0,(anonymous_23)
FNDA:0,(anonymous_24)
FNDA:0,(anonymous_25)
FNDA:0,(anonymous_26)
FNDA:0,y
FNDA:0,O
FNDA:0,_
FNDA:0,(anonymous_30)
FNDA:0,(anonymous_31)
FNDA:0,D
FNDA:0,E
FNDA:0,j
FNDA:0,(anonymous_35)
FNDA:0,(anonymous_36)
FNDA:0,(anonymous_37)
FNDA:0,H
FNDA:0,p
FNDA:0,u
FNDA:0,(anonymous_41)
FNDA:0,(anonymous_42)
FNDA:0,(anonymous_43)
FNDA:0,n
FNDA:0,t
FNDA:0,o
FNDA:0,(anonymous_47)
FNDA:0,(anonymous_48)
FNDA:0,(anonymous_49)
FNDA:0,p
FNDA:0,(anonymous_51)
FNDA:0,(anonymous_52)
FNDA:0,(anonymous_53)
FNDA:0,(anonymous_54)
FNDA:0,(anonymous_55)
FNDA:0,(anonymous_56)
FNDA:0,n
FNDA:0,(anonymous_58)
FNDA:0,u
FNDA:0,(anonymous_60)
FNDA:0,(anonymous_61)
FNDA:0,(anonymous_62)
FNDA:0,(anonymous_63)
FNDA:0,(anonymous_64)
FNDA:0,(anonymous_65)
FNDA:0,(anonymous_66)
FNDA:0,(anonymous_67)
FNDA:0,(anonymous_68)
FNDA:0,(anonymous_69)
FNDA:0,y
FNDA:0,O
FNDA:0,_
FNDA:0,(anonymous_73)
FNDA:0,(anonymous_74)
FNDA:0,D
FNDA:0,E
FNDA:0,j
FNDA:0,(anonymous_78)
FNDA:0,(anonymous_79)
FNDA:0,(anonymous_80)
FNDA:0,H
FNDA:0,p
FNDA:0,u
FNDA:0,(anonymous_84)
FNDA:0,(anonymous_85)
FNDA:0,(anonymous_86)
FNDA:0,M
FNDA:0,(anonymous_88)
FNDA:0,(anonymous_89)
FNDA:0,(anonymous_90)
FNDA:0,(anonymous_91)
FNDA:0,(anonymous_92)
FNDA:0,(anonymous_93)
FNDA:0,(anonymous_94)
FNDA:0,(anonymous_95)
FNDA:0,(anonymous_96)
FNDA:0,(anonymous_97)
FNDA:0,(anonymous_98)
FNDA:0,(anonymous_99)
FNDA:0,e
FNDA:0,(anonymous_101)
DA:1,0
LF:1
LH:0
BRDA:1,0,0,0
BRDA:1,0,1,0
BRDA:1,1,0,0
BRDA:1,1,1,0
BRDA:1,2,0,0
BRDA:1,2,1,0
BRDA:1,3,0,0
BRDA:1,3,1,0
BRDA:1,4,0,0
BRDA:1,4,1,0
BRDA:1,5,0,0
BRDA:1,5,1,0
BRDA:1,6,0,0
BRDA:1,6,1,0
BRDA:1,7,0,0
BRDA:1,7,1,0
BRDA:1,8,0,0
BRDA:1,8,1,0
BRDA:1,9,0,0
BRDA:1,9,1,0
BRDA:1,10,0,0
BRDA:1,10,1,0
BRDA:1,11,0,0
BRDA:1,11,1,0
BRDA:1,12,0,0
BRDA:1,12,1,0
BRDA:1,13,0,0
BRDA:1,13,1,0
BRDA:1,13,2,0
BRDA:1,13,3,0
BRDA:1,14,0,0
BRDA:1,14,1,0
BRDA:1,15,0,0
BRDA:1,15,1,0
BRDA:1,16,0,0
BRDA:1,16,1,0
BRDA:1,17,0,0
BRDA:1,17,1,0
BRDA:1,17,2,0
BRDA:1,18,0,0
BRDA:1,18,1,0
BRDA:1,19,0,0
BRDA:1,19,1,0
BRDA:1,20,0,0
BRDA:1,20,1,0
BRDA:1,21,0,0
BRDA:1,21,1,0
BRDA:1,22,0,0
BRDA:1,22,1,0
BRDA:1,23,0,0
BRDA:1,23,1,0
BRDA:1,24,0,0
BRDA:1,24,1,0
BRDA:1,25,0,0
BRDA:1,25,1,0
BRDA:1,26,0,0
BRDA:1,26,1,0
BRDA:1,27,0,0
BRDA:1,27,1,0
BRDA:1,28,0,0
BRDA:1,28,1,0
BRDA:1,29,0,0
BRDA:1,29,1,0
BRDA:1,30,0,0
BRDA:1,30,1,0
BRDA:1,31,0,0
BRDA:1,31,1,0
BRDA:1,32,0,0
BRDA:1,32,1,0
BRDA:1,32,2,0
BRDA:1,32,3,0
BRDA:1,33,0,0
BRDA:1,33,1,0
BRDA:1,34,0,0
BRDA:1,34,1,0
BRDA:1,35,0,0
BRDA:1,35,1,0
BRDA:1,36,0,0
BRDA:1,36,1,0
BRDA:1,36,2,0
BRDA:1,37,0,0
BRDA:1,37,1,0
BRDA:1,38,0,0
BRDA:1,38,1,0
BRDA:1,39,0,0
BRDA:1,39,1,0
BRDA:1,40,0,0
BRDA:1,40,1,0
BRDA:1,41,0,0
BRDA:1,41,1,0
BRDA:1,42,0,0
BRDA:1,42,1,0
BRDA:1,43,0,0
BRDA:1,43,1,0
BRDA:1,44,0,0
BRDA:1,44,1,0
BRDA:1,45,0,0
BRDA:1,45,1,0
BRDA:1,46,0,0
BRDA:1,46,1,0
BRDA:1,47,0,0
BRDA:1,47,1,0
BRDA:1,48,0,0
BRDA:1,48,1,0
BRDA:1,49,0,0
BRDA:1,49,1,0
BRDA:1,50,0,0
BRDA:1,50,1,0
BRDA:1,51,0,0
BRDA:1,51,1,0
BRDA:1,52,0,0
BRDA:1,52,1,0
BRDA:1,53,0,0
BRDA:1,53,1,0
BRDA:1,54,0,0
BRDA:1,54,1,0
BRDA:1,54,2,0
BRDA:1,54,3,0
BRDA:1,54,4,0
BRDA:1,54,5,0
BRDA:1,55,0,0
BRDA:1,55,1,0
BRDA:1,56,0,0
BRDA:1,56,1,0
BRDA:1,57,0,0
BRDA:1,57,1,0
BRDA:1,58,0,0
BRDA:1,58,1,0
BRDA:1,59,0,0
BRDA:1,59,1,0
BRDA:1,60,0,0
BRDA:1,60,1,0
BRDA:1,61,0,0
BRDA:1,61,1,0
BRDA:1,62,0,0
BRDA:1,62,1,0
BRDA:1,63,0,0
BRDA:1,63,1,0
BRDA:1,64,0,0
BRDA:1,64,1,0
BRDA:1,65,0,0
BRDA:1,65,1,0
BRDA:1,66,0,0
BRDA:1,66,1,0
BRDA:1,67,0,0
BRDA:1,67,1,0
BRDA:1,68,0,0
BRDA:1,68,1,0
BRDA:1,69,0,0
BRDA:1,69,1,0
BRDA:1,70,0,0
BRDA:1,70,1,0
BRDA:1,70,2,0
BRDA:1,71,0,0
BRDA:1,71,1,0
BRDA:1,72,0,0
BRDA:1,72,1,0
BRDA:1,73,0,0
BRDA:1,73,1,0
BRDA:1,73,2,0
BRDA:1,74,0,0
BRDA:1,74,1,0
BRDA:1,75,0,0
BRDA:1,75,1,0
BRDA:1,76,0,0
BRDA:1,76,1,0
BRDA:1,77,0,0
BRDA:1,77,1,0
BRDA:1,78,0,0
BRDA:1,78,1,0
BRDA:1,79,0,0
BRDA:1,79,1,0
BRDA:1,80,0,0
BRDA:1,80,1,0
BRDA:1,81,0,0
BRDA:1,81,1,0
BRDA:1,82,0,0
BRDA:1,82,1,0
BRDA:1,83,0,0
BRDA:1,83,1,0
BRDA:1,83,2,0
BRDA:1,84,0,0
BRDA:1,84,1,0
BRDA:1,85,0,0
BRDA:1,85,1,0
BRDA:1,86,0,0
BRDA:1,86,1,0
BRDA:1,86,2,0
BRDA:1,87,0,0
BRDA:1,87,1,0
BRDA:1,88,0,0
BRDA:1,88,1,0
BRDA:1,89,0,0
BRDA:1,89,1,0
BRDA:1,89,2,0
BRDA:1,90,0,0
BRDA:1,90,1,0
BRDA:1,91,0,0
BRDA:1,91,1,0
BRDA:1,92,0,0
BRDA:1,92,1,0
BRDA:1,93,0,0
BRDA:1,93,1,0
BRDA:1,94,0,0
BRDA:1,94,1,0
BRDA:1,95,0,0
BRDA:1,95,1,0
BRDA:1,96,0,0
BRDA:1,96,1,0
BRDA:1,97,0,0
BRDA:1,97,1,0
BRDA:1,98,0,0
BRDA:1,98,1,0
BRDA:1,99,0,0
BRDA:1,99,1,0
BRDA:1,100,0,0
BRDA:1,100,1,0
BRDA:1,101,0,0
BRDA:1,101,1,0
BRDA:1,102,0,0
BRDA:1,102,1,0
BRDA:1,103,0,0
BRDA:1,103,1,0
BRDA:1,104,0,0
BRDA:1,104,1,0
BRDA:1,104,2,0
BRDA:1,104,3,0
BRDA:1,105,0,0
BRDA:1,105,1,0
BRDA:1,106,0,0
BRDA:1,106,1,0
BRDA:1,107,0,0
BRDA:1,107,1,0
BRDA:1,108,0,0
BRDA:1,108,1,0
BRDA:1,108,2,0
BRDA:1,109,0,0
BRDA:1,109,1,0
BRDA:1,110,0,0
BRDA:1,110,1,0
BRDA:1,111,0,0
BRDA:1,111,1,0
BRDA:1,112,0,0
BRDA:1,112,1,0
BRDA:1,113,0,0
BRDA:1,113,1,0
BRDA:1,114,0,0
BRDA:1,114,1,0
BRDA:1,115,0,0
BRDA:1,115,1,0
BRDA:1,116,0,0
BRDA:1,116,1,0
BRDA:1,117,0,0
BRDA:1,117,1,0
BRDA:1,118,0,0
BRDA:1,118,1,0
BRDA:1,119,0,0
BRDA:1,119,1,0
BRDA:1,120,0,0
BRDA:1,120,1,0
BRDA:1,121,0,0
BRDA:1,121,1,0
BRDA:1,122,0,0
BRDA:1,122,1,0
BRDA:1,123,0,0
BRDA:1,123,1,0
BRDA:1,123,2,0
BRDA:1,123,3,0
BRDA:1,124,0,0
BRDA:1,124,1,0
BRDA:1,125,0,0
BRDA:1,125,1,0
BRDA:1,126,0,0
BRDA:1,126,1,0
BRDA:1,127,0,0
BRDA:1,127,1,0
BRDA:1,127,2,0
BRDA:1,128,0,0
BRDA:1,128,1,0
BRDA:1,129,0,0
BRDA:1,129,1,0
BRDA:1,130,0,0
BRDA:1,130,1,0
BRDA:1,131,0,0
BRDA:1,131,1,0
BRDA:1,132,0,0
BRDA:1,132,1,0
BRDA:1,133,0,0
BRDA:1,133,1,0
BRDA:1,134,0,0
BRDA:1,134,1,0
BRDA:1,135,0,0
BRDA:1,135,1,0
BRDA:1,136,0,0
BRDA:1,136,1,0
BRDA:1,137,0,0
BRDA:1,137,1,0
BRDA:1,138,0,0
BRDA:1,138,1,0
BRDA:1,139,0,0
BRDA:1,139,1,0
BRDA:1,140,0,0
BRDA:1,140,1,0
BRDA:1,141,0,0
BRDA:1,141,1,0
BRDA:1,142,0,0
BRDA:1,142,1,0
BRDA:1,143,0,0
BRDA:1,143,1,0
BRDA:1,144,0,0
BRDA:1,144,1,0
BRDA:1,145,0,0
BRDA:1,145,1,0
BRDA:1,145,2,0
BRDA:1,145,3,0
BRDA:1,145,4,0
BRDA:1,145,5,0
BRDA:1,146,0,0
BRDA:1,146,1,0
BRDA:1,147,0,0
BRDA:1,147,1,0
BRDA:1,148,0,0
BRDA:1,148,1,0
BRDA:1,149,0,0
BRDA:1,149,1,0
BRDA:1,150,0,0
BRDA:1,150,1,0
BRDA:1,151,0,0
BRDA:1,151,1,0
BRDA:1,152,0,0
BRDA:1,152,1,0
BRDA:1,153,0,0
BRDA:1,153,1,0
BRDA:1,154,0,0
BRDA:1,154,1,0
BRDA:1,155,0,0
BRDA:1,155,1,0
BRDA:1,156,0,0
BRDA:1,156,1,0
BRDA:1,157,0,0
BRDA:1,157,1,0
BRDA:1,158,0,0
BRDA:1,158,1,0
BRDA:1,159,0,0
BRDA:1,159,1,0
BRDA:1,160,0,0
BRDA:1,160,1,0
BRDA:1,161,0,0
BRDA:1,161,1,0
BRDA:1,161,2,0
BRDA:1,162,0,0
BRDA:1,162,1,0
BRDA:1,163,0,0
BRDA:1,163,1,0
BRDA:1,164,0,0
BRDA:1,164,1,0
BRDA:1,164,2,0
BRDA:1,165,0,0
BRDA:1,165,1,0
BRDA:1,166,0,0
BRDA:1,166,1,0
BRDA:1,167,0,0
BRDA:1,167,1,0
BRDA:1,168,0,0
BRDA:1,168,1,0
BRDA:1,169,0,0
BRDA:1,169,1,0
BRDA:1,170,0,0
BRDA:1,170,1,0
BRDA:1,171,0,0
BRDA:1,171,1,0
BRDA:1,172,0,0
BRDA:1,172,1,0
BRDA:1,173,0,0
BRDA:1,173,1,0
BRDA:1,174,0,0
BRDA:1,174,1,0
BRDA:1,174,2,0
BRDA:1,175,0,0
BRDA:1,175,1,0
BRDA:1,176,0,0
BRDA:1,176,1,0
BRDA:1,177,0,0
BRDA:1,177,1,0
BRDA:1,177,2,0
BRDA:1,178,0,0
BRDA:1,178,1,0
BRDA:1,179,0,0
BRDA:1,179,1,0
BRDA:1,180,0,0
BRDA:1,180,1,0
BRDA:1,180,2,0
BRDA:1,181,0,0
BRDA:1,181,1,0
BRDA:1,182,0,0
BRDA:1,182,1,0
BRDA:1,183,0,0
BRDA:1,183,1,0
BRDA:1,184,0,0
BRDA:1,184,1,0
BRDA:1,184,2,0
BRDA:1,185,0,0
BRDA:1,185,1,0
BRDA:1,186,0,0
BRDA:1,186,1,0
BRDA:1,187,0,0
BRDA:1,187,1,0
BRDA:1,188,0,0
BRDA:1,188,1,0
BRDA:1,188,2,0
BRDA:1,188,3,0
BRDA:1,189,0,0
BRDA:1,189,1,0
BRDA:1,190,0,0
BRDA:1,190,1,0
BRDA:1,191,0,0
BRDA:1,191,1,0
BRDA:1,192,0,0
BRDA:1,192,1,0
BRF:419
BRH:0
end_of_record
TN:
SF:e:\projects\RobinUI\src\index.js
FN:11,(anonymous_0)
FN:14,(anonymous_1)
FNF:2
FNH:0
FNDA:0,(anonymous_0)
FNDA:0,(anonymous_1)
DA:12,0
DA:15,0
DA:19,0
LF:3
LH:0
BRF:0
BRH:0
end_of_record
TN:
SF:e:\projects\RobinUI\src\components\Dialog.js
FN:5,(anonymous_0)
FN:8,(anonymous_1)
FNF:2
FNH:0
FNDA:0,(anonymous_0)
FNDA:0,(anonymous_1)
DA:6,0
DA:9,0
DA:13,0
LF:3
LH:0
BRF:0
BRH:0
end_of_record
TN:
SF:e:\projects\RobinUI\src\public\js\common.js
FNF:0
FNH:0
LF:0
LH:0
BRF:0
BRH:0
end_of_record
